

===== PARAMETERS =====
stock: CMO
current stock price: 11.78
price 11.78, dividend 0.31, decl_date 6/13/2013, ex_date 6/26/2013
date not match, pass


===== PARAMETERS =====
stock: CPLP
current stock price: 9.04
price 9.04, dividend 0.2325, decl_date 7/22/2013, ex_date 8/5/2013
date not match, pass


===== PARAMETERS =====
stock: PSEC
current stock price: 11.38
price 11.38, dividend 0.110375, decl_date 8/20/2013, ex_date 3/27/2014
download <PSEC> from http://www.optionpain.altervista.org/csv.php?symbol=PSEC&month=3&year=2014
options expires earlier than ex_div_date: 3/27/2014
download <PSEC> from http://www.optionpain.altervista.org/csv.php?symbol=PSEC&month=4&year=2014
options expires earlier than ex_div_date: 4/27/2014
download <PSEC> from http://www.optionpain.altervista.org/csv.php?symbol=PSEC&month=5&year=2014
options expires earlier than ex_div_date: 5/27/2014
not appropriate options for PSEC pass the analysis


===== PARAMETERS =====
stock: SRC
current stock price: 8.9
price 8.9, dividend 0.0, decl_date 0/0/0, ex_date 0/0/0
date not match, pass


===== PARAMETERS =====
stock: SCCO
current stock price: 28.61
price 28.61, dividend 0.12, decl_date 7/18/2013, ex_date 8/5/2013
date not match, pass


===== PARAMETERS =====
stock: CHKR
current stock price: 13.4
price 13.4, dividend 0.69, decl_date 8/8/2013, ex_date 8/15/2013
date not match, pass


===== PARAMETERS =====
stock: EROC
current stock price: 6.37
price 6.37, dividend 0.22, decl_date 7/24/2013, ex_date 8/5/2013
date not match, pass


===== PARAMETERS =====
stock: STON
current stock price: 23.05
price 23.05, dividend 0.6, decl_date 7/23/2013, ex_date 8/1/2013
date not match, pass


===== PARAMETERS =====
stock: TICC
current stock price: 9.77
price 9.77, dividend 0.29, decl_date 7/30/2013, ex_date 9/12/2013
download <TICC> from http://www.optionpain.altervista.org/csv.php?symbol=TICC&month=9&year=2013
option file: TICC_2013_9.opt
options are expired at 9/21/2013 which is 1 months later
dividend within date 2013/8 to 2013/9 is 0.29
===== YIELD TABLE =====


===== PARAMETERS =====
stock: BPT
current stock price: 85.54
price 85.54, dividend 2.1429095, decl_date 7/3/2013, ex_date 7/11/2013
date not match, pass


===== PARAMETERS =====
stock: DX
current stock price: 8.06
price 8.06, dividend 0.29, decl_date 6/5/2013, ex_date 6/26/2013
date not match, pass


===== PARAMETERS =====
stock: SID
current stock price: 3.81
price 3.81, dividend 0.089857, decl_date 8/8/2013, ex_date 8/15/2013
date not match, pass


===== PARAMETERS =====
stock: GLAD
current stock price: 8.37
price 8.37, dividend 0.07, decl_date 7/9/2013, ex_date 9/16/2013
download <GLAD> from http://www.optionpain.altervista.org/csv.php?symbol=GLAD&month=9&year=2013
option file: GLAD_2013_9.opt
options are expired at 9/21/2013 which is 1 months later
dividend within date 2013/8 to 2013/9 is 0.07
===== YIELD TABLE =====
----- c_strike: 10.0 p_strike: 7.5 c_price: 0.0 p_price: 0.15
exceeds max loss, drop


===== PARAMETERS =====
stock: LINE
current stock price: 24.6
price 24.6, dividend 0.2416, decl_date 8/1/2013, ex_date 8/8/2013
date not match, pass


===== PARAMETERS =====
stock: MSB
current stock price: 21.37
price 21.37, dividend 0.46, decl_date 7/16/2013, ex_date 7/26/2013
date not match, pass


===== PARAMETERS =====
stock: CYS
current stock price: 7.58
price 7.58, dividend 0.34, decl_date 6/10/2013, ex_date 6/21/2013
date not match, pass


===== PARAMETERS =====
stock: KCAP
current stock price: 8.64
price 8.64, dividend 0.28, decl_date 6/17/2013, ex_date 7/2/2013
date not match, pass


===== PARAMETERS =====
stock: ARI
current stock price: 15.25
price 15.25, dividend 0.4, decl_date 7/31/2013, ex_date 9/26/2013
download <ARI> from http://www.optionpain.altervista.org/csv.php?symbol=ARI&month=9&year=2013
options expires earlier than ex_div_date: 9/26/2013
download <ARI> from http://www.optionpain.altervista.org/csv.php?symbol=ARI&month=10&year=2013
options expires earlier than ex_div_date: 10/26/2013
download <ARI> from http://www.optionpain.altervista.org/csv.php?symbol=ARI&month=11&year=2013
options expires earlier than ex_div_date: 11/26/2013
not appropriate options for ARI pass the analysis


===== PARAMETERS =====
stock: QRE
current stock price: 16.65
price 16.65, dividend 0.4875, decl_date 7/24/2013, ex_date 8/5/2013
date not match, pass


===== PARAMETERS =====
stock: PT
current stock price: 3.82
price 3.82, dividend 0.422727, decl_date 4/26/2013, ex_date 5/14/2013
date not match, pass


===== PARAMETERS =====
stock: NLY
current stock price: 11.42
price 11.42, dividend 0.4, decl_date 6/19/2013, ex_date 6/27/2013
date not match, pass


===== PARAMETERS =====
stock: DOM
current stock price: 5.87
price 5.87, dividend 0.201383, decl_date 8/19/2013, ex_date 8/27/2013
download <DOM> from http://www.optionpain.altervista.org/csv.php?symbol=DOM&month=8&year=2013
empty option file: DOM_2013_8.opt
download <DOM> from http://www.optionpain.altervista.org/csv.php?symbol=DOM&month=9&year=2013
empty option file: DOM_2013_9.opt
download <DOM> from http://www.optionpain.altervista.org/csv.php?symbol=DOM&month=10&year=2013
options expires earlier than ex_div_date: 10/27/2013
not appropriate options for DOM pass the analysis


===== PARAMETERS =====
stock: AMTG
current stock price: 15.16
price 15.16, dividend 0.7, decl_date 6/17/2013, ex_date 6/26/2013
date not match, pass


===== PARAMETERS =====
stock: ARP
current stock price: 20.9
price 20.9, dividend 0.54, decl_date 7/24/2013, ex_date 8/2/2013
date not match, pass


===== PARAMETERS =====
stock: UAN
current stock price: 18.73
price 18.73, dividend 0.583, decl_date 7/26/2013, ex_date 8/5/2013
date not match, pass


===== PARAMETERS =====
stock: BBEP
current stock price: 17.66
price 17.66, dividend 0.48, decl_date 7/31/2013, ex_date 8/8/2013
date not match, pass


===== PARAMETERS =====
stock: NS
current stock price: 41.65
price 41.65, dividend 1.095, decl_date 7/25/2013, ex_date 8/1/2013
date not match, pass


===== PARAMETERS =====
stock: TEU
current stock price: 4.18
price 4.18, dividend 0.12, decl_date 8/6/2013, ex_date 9/6/2013
download <TEU> from http://www.optionpain.altervista.org/csv.php?symbol=TEU&month=9&year=2013
option file: TEU_2013_9.opt
options are expired at 9/21/2013 which is 1 months later
dividend within date 2013/8 to 2013/9 is 0.12
===== YIELD TABLE =====


===== PARAMETERS =====
stock: WHZ
current stock price: 12.89
price 12.89, dividend 0.739362, decl_date 8/7/2013, ex_date 8/15/2013
date not match, pass


===== PARAMETERS =====
stock: NTLS
current stock price: 16.28
price 16.28, dividend 0.42, decl_date 7/25/2013, ex_date 9/11/2013
download <NTLS> from http://www.optionpain.altervista.org/csv.php?symbol=NTLS&month=9&year=2013
option file: NTLS_2013_9.opt
options are expired at 9/21/2013 which is 1 months later
dividend within date 2013/8 to 2013/9 is 0.42
===== YIELD TABLE =====
----- c_strike: 17.5 p_strike: 12.5 c_price: 0.4 p_price: 0.3
exceeds max loss, drop
----- c_strike: 17.5 p_strike: 10.0 c_price: 0.4 p_price: 0.1
exceeds max loss, drop
----- c_strike: 17.5 p_strike: 15.0 c_price: 0.4 p_price: 0.8
exceeds max loss, drop
----- c_strike: 20.0 p_strike: 12.5 c_price: 0.0 p_price: 0.3
exceeds max loss, drop
----- c_strike: 20.0 p_strike: 10.0 c_price: 0.0 p_price: 0.1
exceeds max loss, drop
----- c_strike: 20.0 p_strike: 15.0 c_price: 0.0 p_price: 0.8
exceeds max loss, drop
----- c_strike: 22.5 p_strike: 12.5 c_price: 0.0 p_price: 0.3
exceeds max loss, drop
----- c_strike: 22.5 p_strike: 10.0 c_price: 0.0 p_price: 0.1
exceeds max loss, drop
----- c_strike: 22.5 p_strike: 15.0 c_price: 0.0 p_price: 0.8
exceeds max loss, drop


===== PARAMETERS =====
stock: AGNC
current stock price: 22.82
price 22.82, dividend 1.05, decl_date 6/18/2013, ex_date 6/26/2013
date not match, pass


===== PARAMETERS =====
stock: NDRO
current stock price: 15.48
price 15.48, dividend 0.162363, decl_date 8/20/2013, ex_date 8/28/2013
download <NDRO> from http://www.optionpain.altervista.org/csv.php?symbol=NDRO&month=8&year=2013
option file: NDRO_2013_8.opt
options are expired at 9/21/2013 which is 0 months later
dividend within date 2013/8 to 2013/8 is 0.162363
===== YIELD TABLE =====


===== PARAMETERS =====
stock: MFA
current stock price: 7.38
price 7.38, dividend 0.28, decl_date 8/1/2013, ex_date 8/8/2013
date not match, pass


===== PARAMETERS =====
stock: FSC
current stock price: 10.55
price 10.55, dividend 0.0958, decl_date 8/5/2013, ex_date 11/13/2013
download <FSC> from http://www.optionpain.altervista.org/csv.php?symbol=FSC&month=11&year=2013
option file: FSC_2013_11.opt
options are expired at 11/16/2013 which is 3 months later
dividend within date 2013/8 to 2013/11 is 0.0958
===== YIELD TABLE =====
----- c_strike: 12.5 p_strike: 7.5 c_price: 0.0 p_price: 0.15
exceeds max loss, drop
----- c_strike: 12.5 p_strike: 10.0 c_price: 0.0 p_price: 0.3
exceeds max loss, drop


===== PARAMETERS =====
stock: PNNT
current stock price: 11.34
price 11.34, dividend 0.28, decl_date 6/3/2013, ex_date 6/19/2013
date not match, pass


===== PARAMETERS =====
stock: NRP
current stock price: 19.88
price 19.88, dividend 0.55, decl_date 7/23/2013, ex_date 8/1/2013
date not match, pass


===== PARAMETERS =====
stock: PER
current stock price: 14.68
price 14.68, dividend 0.585, decl_date 7/25/2013, ex_date 8/12/2013
date not match, pass


===== PARAMETERS =====
stock: PDH
current stock price: 11.65
price 11.65, dividend 0.3, decl_date 7/24/2013, ex_date 8/1/2013
date not match, pass


===== PARAMETERS =====
stock: WMC
current stock price: 15.71
price 15.71, dividend 0.9, decl_date 6/20/2013, ex_date 6/27/2013
date not match, pass


===== PARAMETERS =====
stock: MTGE
current stock price: 19.98
price 19.98, dividend 0.8, decl_date 6/18/2013, ex_date 6/26/2013
date not match, pass


===== PARAMETERS =====
stock: TNK
current stock price: 2.7
price 2.7, dividend 0.03, decl_date 7/8/2013, ex_date 7/17/2013
date not match, pass


===== PARAMETERS =====
stock: SDT
current stock price: 12.37
price 12.37, dividend 0.6112, decl_date 7/25/2013, ex_date 8/12/2013
date not match, pass


===== PARAMETERS =====
stock: SBS
current stock price: 8.8
price 8.8, dividend 1.16279, decl_date 3/22/2013, ex_date 4/1/2013
date not match, pass


===== PARAMETERS =====
stock: AINV
current stock price: 7.97
price 7.97, dividend 0.2, decl_date 8/8/2013, ex_date 9/18/2013
download <AINV> from http://www.optionpain.altervista.org/csv.php?symbol=AINV&month=9&year=2013
option file: AINV_2013_9.opt
options are expired at 9/21/2013 which is 1 months later
dividend within date 2013/8 to 2013/9 is 0.2
===== YIELD TABLE =====
----- c_strike: 8.0 p_strike: 6.0 c_price: 0.1 p_price: 0.05
exceeds max loss, drop
----- c_strike: 8.0 p_strike: 7.0 c_price: 0.1 p_price: 0.05
exceeds max loss, drop
----- c_strike: 9.0 p_strike: 6.0 c_price: 0.0 p_price: 0.05
exceeds max loss, drop
----- c_strike: 9.0 p_strike: 7.0 c_price: 0.0 p_price: 0.05
exceeds max loss, drop
----- c_strike: 10.0 p_strike: 6.0 c_price: 0.0 p_price: 0.05
exceeds max loss, drop
----- c_strike: 10.0 p_strike: 7.0 c_price: 0.0 p_price: 0.05
exceeds max loss, drop


===== PARAMETERS =====
stock: RSO
current stock price: 5.87
price 5.87, dividend 0.2, decl_date 6/14/2013, ex_date 6/26/2013
date not match, pass


===== PARAMETERS =====
stock: LRE
current stock price: 15.07
price 15.07, dividend 0.485, decl_date 7/19/2013, ex_date 7/26/2013
date not match, pass


===== PARAMETERS =====
stock: SDR
current stock price: 14.01
price 14.01, dividend 0.683, decl_date 7/25/2013, ex_date 8/12/2013
date not match, pass


===== PARAMETERS =====
stock: VOC
current stock price: 15.16
price 15.16, dividend 0.41, decl_date 7/18/2013, ex_date 7/26/2013
date not match, pass


===== PARAMETERS =====
stock: WIN
current stock price: 8.22
price 8.22, dividend 0.25, decl_date 8/7/2013, ex_date 9/26/2013
download <WIN> from http://www.optionpain.altervista.org/csv.php?symbol=WIN&month=9&year=2013
options expires earlier than ex_div_date: 9/26/2013
download <WIN> from http://www.optionpain.altervista.org/csv.php?symbol=WIN&month=10&year=2013
options expires earlier than ex_div_date: 10/26/2013
download <WIN> from http://www.optionpain.altervista.org/csv.php?symbol=WIN&month=11&year=2013
options expires earlier than ex_div_date: 11/26/2013
not appropriate options for WIN pass the analysis


===== PARAMETERS =====
stock: OZM
current stock price: 11.19
price 11.19, dividend 0.14, decl_date 8/1/2013, ex_date 8/8/2013
date not match, pass


===== PARAMETERS =====
stock: ANH
current stock price: 4.5
price 4.5, dividend 0.15, decl_date 6/28/2013, ex_date 7/3/2013
date not match, pass


===== PARAMETERS =====
stock: RNF
current stock price: 25.76
price 25.76, dividend 0.85, decl_date 7/24/2013, ex_date 8/5/2013
date not match, pass


===== PARAMETERS =====
stock: NTI
current stock price: 20.85
price 20.85, dividend 0.68, decl_date 8/12/2013, ex_date 8/20/2013
date not match, pass


===== PARAMETERS =====
stock: HTS
current stock price: 18.27
price 18.27, dividend 0.7, decl_date 6/18/2013, ex_date 6/27/2013
date not match, pass


===== PARAMETERS =====
stock: IVR
current stock price: 15.45
price 15.45, dividend 0.65, decl_date 6/17/2013, ex_date 6/25/2013
date not match, pass


===== PARAMETERS =====
stock: ALTV
current stock price: 7.55
price 7.55, dividend 0.27, decl_date 6/11/2013, ex_date 6/19/2013
date not match, pass


===== PARAMETERS =====
stock: STRA
current stock price: 40.86
price 40.86, dividend 1.0, decl_date 11/7/2012, ex_date 11/21/2012
date not match, pass


===== PARAMETERS =====
stock: NMM
current stock price: 14.48
price 14.48, dividend 0.4425, decl_date 7/22/2013, ex_date 8/6/2013
date not match, pass


===== PARAMETERS =====
stock: BKCC
current stock price: 10.08
price 10.08, dividend 0.26, decl_date 7/31/2013, ex_date 9/17/2013
download <BKCC> from http://www.optionpain.altervista.org/csv.php?symbol=BKCC&month=9&year=2013
option file: BKCC_2013_9.opt
options are expired at 9/21/2013 which is 1 months later
dividend within date 2013/8 to 2013/9 is 0.26
===== YIELD TABLE =====
----- c_strike: 12.5 p_strike: 7.5 c_price: 0.0 p_price: 0.05
exceeds max loss, drop
----- c_strike: 12.5 p_strike: 10.0 c_price: 0.0 p_price: 0.35
future price: 5.04 profit -0.17 term yield -0.0162991371045 annualized yield: -0.17897453359
future price: 6.048 profit -0.17 term yield -0.0162991371045 annualized yield: -0.17897453359
future price: 7.056 profit -0.17 term yield -0.0162991371045 annualized yield: -0.17897453359
future price: 8.064 profit -0.17 term yield -0.0162991371045 annualized yield: -0.17897453359
future price: 9.072 profit -0.17 term yield -0.0162991371045 annualized yield: -0.17897453359
future price: 10.08 profit -0.09 term yield -0.00862895493768 annualized yield: -0.0987718179221
future price: 11.088 profit 0.918 term yield 0.0880153403643 annualized yield: 1.75182127754
future price: 12.096 profit 1.926 term yield 0.184659635666 annualized yield: 6.64052312371
future price: 13.104 profit 2.33 term yield 0.223394055609 annualized yield: 10.2407785361
future price: 14.112 profit 2.33 term yield 0.223394055609 annualized yield: 10.2407785361


===== PARAMETERS =====
stock: MEMP
current stock price: 20.68
price 20.68, dividend 0.5125, decl_date 7/19/2013, ex_date 7/30/2013
date not match, pass
