2013-08-27 22:31:14,158, INFO, ===== Start a new run of Divident-Collar-Analysis =====
2013-08-27 22:31:14,221, INFO, initilizing stock map from file symbols.data
2013-08-27 22:31:14,223, INFO, adding WMC to stock map
2013-08-27 22:31:14,705, INFO, parameters loaded: price = 15.9, dividend = 0.9, decl_date = 6/20/2013, ex_date = 6/27/2013
2013-08-27 22:31:14,706, INFO, adding WHZ to stock map
2013-08-27 22:31:15,233, INFO, parameters loaded: price = 12.91, dividend = 0.739362, decl_date = 8/7/2013, ex_date = 8/15/2013
2013-08-27 22:31:15,235, INFO, adding CHKR to stock map
2013-08-27 22:31:15,783, INFO, parameters loaded: price = 13.59, dividend = 0.69, decl_date = 8/8/2013, ex_date = 8/15/2013
2013-08-27 22:31:15,785, INFO, adding SDT to stock map
2013-08-27 22:31:16,303, INFO, parameters loaded: price = 12.86, dividend = 0.6112, decl_date = 7/25/2013, ex_date = 8/12/2013
2013-08-27 22:31:16,304, INFO, adding AMTG to stock map
2013-08-27 22:31:16,859, INFO, parameters loaded: price = 15.34, dividend = 0.7, decl_date = 6/17/2013, ex_date = 6/26/2013
2013-08-27 22:31:16,862, INFO, adding AGNC to stock map
2013-08-27 22:31:17,403, INFO, parameters loaded: price = 22.95, dividend = 1.05, decl_date = 6/18/2013, ex_date = 6/26/2013
2013-08-27 22:31:17,410, INFO, adding CYS to stock map
2013-08-27 22:31:17,923, INFO, parameters loaded: price = 7.81, dividend = 0.34, decl_date = 6/10/2013, ex_date = 6/21/2013
2013-08-27 22:31:17,925, INFO, adding SDR to stock map
2013-08-27 22:31:18,417, INFO, parameters loaded: price = 14.15, dividend = 0.683, decl_date = 7/25/2013, ex_date = 8/12/2013
2013-08-27 22:31:18,423, INFO, adding IVR to stock map
2013-08-27 22:31:18,950, INFO, parameters loaded: price = 15.59, dividend = 0.65, decl_date = 6/17/2013, ex_date = 6/25/2013
2013-08-27 22:31:18,952, INFO, adding MTGE to stock map
2013-08-27 22:31:19,507, INFO, parameters loaded: price = 20.19, dividend = 0.8, decl_date = 6/18/2013, ex_date = 6/26/2013
2013-08-27 22:31:19,509, INFO, adding HTS to stock map
2013-08-27 22:31:20,449, INFO, parameters loaded: price = 18.77, dividend = 0.7, decl_date = 6/18/2013, ex_date = 6/27/2013
2013-08-27 22:31:20,451, INFO, adding DX to stock map
2013-08-27 22:31:20,992, INFO, parameters loaded: price = 8.02, dividend = 0.29, decl_date = 6/5/2013, ex_date = 6/26/2013
2013-08-27 22:31:20,999, INFO, adding ALTV to stock map
2013-08-27 22:31:21,622, INFO, parameters loaded: price = 7.48, dividend = 0.27, decl_date = 6/11/2013, ex_date = 6/19/2013
2013-08-27 22:31:21,629, INFO, adding SRC to stock map
2013-08-27 22:31:22,095, INFO, parameters loaded: price = 8.71, dividend = 0.0, decl_date = 0/0/0, ex_date = 0/0/0
2013-08-27 22:31:22,097, WARNING, parameter not valid
2013-08-27 22:31:22,097, INFO, adding NLY to stock map
2013-08-27 22:31:22,737, INFO, parameters loaded: price = 11.54, dividend = 0.4, decl_date = 6/19/2013, ex_date = 6/27/2013
2013-08-27 22:31:22,744, INFO, adding PER to stock map
2013-08-27 22:31:23,292, INFO, parameters loaded: price = 14.85, dividend = 0.585, decl_date = 7/25/2013, ex_date = 8/12/2013
2013-08-27 22:31:23,294, INFO, adding EROC to stock map
2013-08-27 22:31:23,903, INFO, parameters loaded: price = 6.08, dividend = 0.22, decl_date = 7/24/2013, ex_date = 8/5/2013
2013-08-27 22:31:23,905, INFO, adding RSO to stock map
2013-08-27 22:31:24,500, INFO, parameters loaded: price = 5.82, dividend = 0.2, decl_date = 6/14/2013, ex_date = 6/26/2013
2013-08-27 22:31:24,502, INFO, adding ANH to stock map
2013-08-27 22:31:25,165, INFO, parameters loaded: price = 4.46, dividend = 0.15, decl_date = 6/28/2013, ex_date = 7/3/2013
2013-08-27 22:31:25,172, INFO, adding PDH to stock map
2013-08-27 22:31:25,636, INFO, parameters loaded: price = 12.2, dividend = 0.3, decl_date = 7/24/2013, ex_date = 8/1/2013
2013-08-27 22:31:25,638, INFO, adding SID to stock map
2013-08-27 22:31:26,206, INFO, parameters loaded: price = 3.67, dividend = 0.089857, decl_date = 8/8/2013, ex_date = 8/15/2013
2013-08-27 22:31:26,214, INFO, adding NTI to stock map
2013-08-27 22:31:26,663, INFO, parameters loaded: price = 21.19, dividend = 0.68, decl_date = 8/12/2013, ex_date = 8/20/2013
2013-08-27 22:31:26,670, INFO, adding KCAP to stock map
2013-08-27 22:31:27,269, INFO, parameters loaded: price = 8.53, dividend = 0.28, decl_date = 6/17/2013, ex_date = 7/2/2013
2013-08-27 22:31:27,275, INFO, adding LRE to stock map
2013-08-27 22:31:27,728, INFO, parameters loaded: price = 15.12, dividend = 0.485, decl_date = 7/19/2013, ex_date = 7/26/2013
2013-08-27 22:31:27,735, INFO, adding NMM to stock map
2013-08-27 22:31:28,258, INFO, parameters loaded: price = 14.15, dividend = 0.4425, decl_date = 7/22/2013, ex_date = 8/6/2013
2013-08-27 22:31:28,260, INFO, adding WIN to stock map
2013-08-27 22:31:28,787, INFO, parameters loaded: price = 8.1, dividend = 0.25, decl_date = 5/8/2013, ex_date = 6/26/2013
2013-08-27 22:31:28,789, INFO, adding MFA to stock map
2013-08-27 22:31:29,452, INFO, parameters loaded: price = 7.41, dividend = 0.28, decl_date = 8/1/2013, ex_date = 8/8/2013
2013-08-27 22:31:29,454, INFO, adding TICC to stock map
2013-08-27 22:31:30,072, INFO, parameters loaded: price = 9.62, dividend = 0.29, decl_date = 4/30/2013, ex_date = 6/12/2013
2013-08-27 22:31:30,085, INFO, adding TNK to stock map
2013-08-27 22:31:30,565, INFO, parameters loaded: price = 2.68, dividend = 0.03, decl_date = 7/8/2013, ex_date = 7/17/2013
2013-08-27 22:31:30,573, INFO, adding LINE to stock map
2013-08-27 22:31:31,129, INFO, parameters loaded: price = 24.57, dividend = 0.2416, decl_date = 8/1/2013, ex_date = 8/8/2013
2013-08-27 22:31:31,136, INFO, adding QRE to stock map
2013-08-27 22:31:31,647, INFO, parameters loaded: price = 16.78, dividend = 0.4875, decl_date = 7/24/2013, ex_date = 8/5/2013
2013-08-27 22:31:31,649, INFO, adding PSEC to stock map
2013-08-27 22:31:32,342, INFO, parameters loaded: price = 11.2, dividend = 0.1102, decl_date = 5/6/2013, ex_date = 8/28/2013
2013-08-27 22:31:32,343, INFO, adding SCCO to stock map
2013-08-27 22:31:32,938, INFO, parameters loaded: price = 27.63, dividend = 0.12, decl_date = 7/18/2013, ex_date = 8/5/2013
2013-08-27 22:31:32,940, INFO, adding OZM to stock map
2013-08-27 22:31:33,488, INFO, parameters loaded: price = 10.57, dividend = 0.14, decl_date = 8/1/2013, ex_date = 8/8/2013
2013-08-27 22:31:33,494, INFO, adding TEU to stock map
2013-08-27 22:31:34,017, INFO, parameters loaded: price = 4.18, dividend = 0.12, decl_date = 4/25/2013, ex_date = 5/7/2013
2013-08-27 22:31:34,019, INFO, adding RNF to stock map
2013-08-27 22:31:34,469, INFO, parameters loaded: price = 26.48, dividend = 0.85, decl_date = 7/24/2013, ex_date = 8/5/2013
2013-08-27 22:31:34,476, INFO, adding NRP to stock map
2013-08-27 22:31:35,100, INFO, parameters loaded: price = 20.29, dividend = 0.55, decl_date = 7/23/2013, ex_date = 8/1/2013
2013-08-27 22:31:35,102, INFO, adding PT to stock map
2013-08-27 22:31:36,608, INFO, parameters loaded: price = 3.71, dividend = 0.422727, decl_date = 4/26/2013, ex_date = 5/14/2013
2013-08-27 22:31:36,620, INFO, adding SBS to stock map
2013-08-27 22:31:37,186, INFO, parameters loaded: price = 8.38, dividend = 1.16279, decl_date = 3/22/2013, ex_date = 4/1/2013
2013-08-27 22:31:37,194, INFO, adding DOM to stock map
2013-08-27 22:31:37,831, INFO, parameters loaded: price = 5.38, dividend = 0.201383, decl_date = 8/19/2013, ex_date = 8/27/2013
2013-08-27 22:31:37,833, INFO, adding FSC to stock map
2013-08-27 22:31:38,814, INFO, parameters loaded: price = 10.41, dividend = 0.0958, decl_date = 5/6/2013, ex_date = 8/13/2013
2013-08-27 22:31:38,816, INFO, adding BBEP to stock map
2013-08-27 22:31:39,331, INFO, parameters loaded: price = 17.5, dividend = 0.48, decl_date = 7/31/2013, ex_date = 8/8/2013
2013-08-27 22:31:39,334, INFO, adding VOC to stock map
2013-08-27 22:31:39,810, INFO, parameters loaded: price = 15.27, dividend = 0.41, decl_date = 7/18/2013, ex_date = 7/26/2013
2013-08-27 22:31:39,816, INFO, adding CMO to stock map
2013-08-27 22:31:40,406, INFO, parameters loaded: price = 11.83, dividend = 0.31, decl_date = 6/13/2013, ex_date = 6/26/2013
2013-08-27 22:31:40,415, INFO, adding NS to stock map
2013-08-27 22:31:41,043, INFO, parameters loaded: price = 43.33, dividend = 1.095, decl_date = 7/25/2013, ex_date = 8/1/2013
2013-08-27 22:31:41,046, INFO, adding ARI to stock map
2013-08-27 22:31:41,569, INFO, parameters loaded: price = 15.12, dividend = 0.4, decl_date = 5/1/2013, ex_date = 6/26/2013
2013-08-27 22:31:41,576, INFO, adding STON to stock map
2013-08-27 22:31:42,170, INFO, parameters loaded: price = 23.2, dividend = 0.6, decl_date = 7/23/2013, ex_date = 8/1/2013
2013-08-27 22:31:42,172, INFO, adding ARP to stock map
2013-08-27 22:31:42,744, INFO, parameters loaded: price = 21.01, dividend = 0.54, decl_date = 7/24/2013, ex_date = 8/2/2013
2013-08-27 22:31:42,747, INFO, adding NTLS to stock map
2013-08-27 22:31:43,262, INFO, parameters loaded: price = 16.53, dividend = 0.42, decl_date = 5/2/2013, ex_date = 6/12/2013
2013-08-27 22:31:43,269, INFO, adding BKCC to stock map
2013-08-27 22:31:43,778, INFO, parameters loaded: price = 9.92, dividend = 0.26, decl_date = 5/1/2013, ex_date = 6/14/2013
2013-08-27 22:31:43,786, INFO, adding CPLP to stock map
2013-08-27 22:31:44,346, INFO, parameters loaded: price = 8.92, dividend = 0.2325, decl_date = 7/22/2013, ex_date = 8/5/2013
2013-08-27 22:31:44,348, INFO, adding NDRO to stock map
2013-08-27 22:31:44,858, INFO, parameters loaded: price = 15.81, dividend = 0.162363, decl_date = 8/20/2013, ex_date = 8/28/2013
2013-08-27 22:31:44,866, INFO, adding MSB to stock map
2013-08-27 22:31:45,446, INFO, parameters loaded: price = 21.39, dividend = 0.46, decl_date = 7/16/2013, ex_date = 7/26/2013
2013-08-27 22:31:45,448, INFO, adding BPT to stock map
2013-08-27 22:31:46,035, INFO, parameters loaded: price = 86.52, dividend = 2.1429095, decl_date = 7/3/2013, ex_date = 7/11/2013
2013-08-27 22:31:46,037, INFO, adding AINV to stock map
2013-08-27 22:31:46,599, INFO, parameters loaded: price = 7.89, dividend = 0.2, decl_date = 5/23/2013, ex_date = 6/18/2013
2013-08-27 22:31:46,600, INFO, adding UAN to stock map
2013-08-27 22:31:47,106, INFO, parameters loaded: price = 18.52, dividend = 0.583, decl_date = 7/26/2013, ex_date = 8/5/2013
2013-08-27 22:31:47,114, INFO, adding GLAD to stock map
2013-08-27 22:31:47,897, INFO, parameters loaded: price = 8.22, dividend = 0.07, decl_date = 7/9/2013, ex_date = 8/19/2013
2013-08-27 22:31:47,901, INFO, adding MEMP to stock map
2013-08-27 22:31:48,376, INFO, parameters loaded: price = 20.67, dividend = 0.5125, decl_date = 7/19/2013, ex_date = 7/30/2013
2013-08-27 22:31:48,378, INFO, adding PNNT to stock map
2013-08-27 22:31:48,901, INFO, parameters loaded: price = 11.06, dividend = 0.28, decl_date = 6/3/2013, ex_date = 6/19/2013
2013-08-27 22:31:48,914, INFO, adding STRA to stock map
2013-08-27 22:31:49,536, INFO, parameters loaded: price = 41.1, dividend = 1, decl_date = 11/7/2012, ex_date = 11/21/2012
2013-08-27 22:31:49,543, INFO, adding VGR to stock map
2013-08-27 22:31:50,139, INFO, parameters loaded: price = 16.31, dividend = 0.4, decl_date = 5/31/2013, ex_date = 6/12/2013
2013-08-27 22:31:50,141, INFO, adding MGPC to stock map
2013-08-27 22:31:50,550, INFO, parameters loaded: price = 0.0, dividend = 0.0, decl_date = 0/0/0, ex_date = 0/0/0
2013-08-27 22:31:50,558, WARNING, parameter not valid
2013-08-27 22:31:50,558, INFO, adding PVR to stock map
2013-08-27 22:31:51,132, INFO, parameters loaded: price = 23.08, dividend = 0.55, decl_date = 7/24/2013, ex_date = 8/5/2013
2013-08-27 22:31:51,134, INFO, adding SFL to stock map
2013-08-27 22:31:51,703, INFO, parameters loaded: price = 15.69, dividend = 0.39, decl_date = 5/30/2013, ex_date = 6/19/2013
2013-08-27 22:31:51,705, INFO, adding CSA to stock map
2013-08-27 22:31:52,206, INFO, parameters loaded: price = 0.0, dividend = 0.0, decl_date = 0/0/0, ex_date = 0/0/0
2013-08-27 22:31:52,209, WARNING, parameter not valid
2013-08-27 22:31:52,214, INFO, adding NRT to stock map
2013-08-27 22:31:53,009, INFO, parameters loaded: price = 24.55, dividend = 0.49, decl_date = 7/29/2013, ex_date = 8/14/2013
2013-08-27 22:31:53,019, INFO, adding ROYT to stock map
2013-08-27 22:31:53,507, INFO, parameters loaded: price = 17.85, dividend = 0.15462, decl_date = 7/26/2013, ex_date = 8/1/2013
2013-08-27 22:31:53,509, INFO, adding CLMT to stock map
2013-08-27 22:31:54,075, INFO, parameters loaded: price = 30.45, dividend = 0.685, decl_date = 7/22/2013, ex_date = 7/31/2013
2013-08-27 22:31:54,078, INFO, adding NSH to stock map
2013-08-27 22:31:54,665, INFO, parameters loaded: price = 24.11, dividend = 0.545, decl_date = 7/25/2013, ex_date = 8/1/2013
2013-08-27 22:31:54,667, INFO, adding WVT to stock map
2013-08-27 22:31:55,121, INFO, parameters loaded: price = 0.0, dividend = 0.0, decl_date = 0/0/0, ex_date = 0/0/0
2013-08-27 22:31:55,123, WARNING, parameter not valid
2013-08-27 22:31:55,128, INFO, adding VNR to stock map
2013-08-27 22:31:55,642, INFO, parameters loaded: price = 27.85, dividend = 0.205, decl_date = 7/18/2013, ex_date = 7/30/2013
2013-08-27 22:31:55,648, INFO, adding NRF to stock map
2013-08-27 22:31:56,236, INFO, parameters loaded: price = 8.66, dividend = 0.2, decl_date = 7/31/2013, ex_date = 8/8/2013
2013-08-27 22:31:56,238, INFO, adding CNSL to stock map
2013-08-27 22:31:56,820, INFO, parameters loaded: price = 16.71, dividend = 0.38738, decl_date = 5/7/2013, ex_date = 7/11/2013
2013-08-27 22:31:56,821, INFO, adding MCEP to stock map
2013-08-27 22:31:57,414, INFO, parameters loaded: price = 23.45, dividend = 0.515, decl_date = 7/25/2013, ex_date = 8/5/2013
2013-08-27 22:31:57,416, INFO, adding TAC to stock map
2013-08-27 22:31:58,071, INFO, parameters loaded: price = 13.15, dividend = 0.2753, decl_date = 7/23/2013, ex_date = 8/28/2013
2013-08-27 22:31:58,073, INFO, adding FTR to stock map
2013-08-27 22:31:58,599, INFO, parameters loaded: price = 4.47, dividend = 0.1, decl_date = 5/6/2013, ex_date = 6/5/2013
2013-08-27 22:31:58,600, INFO, adding FGP to stock map
2013-08-27 22:31:59,205, INFO, parameters loaded: price = 23.22, dividend = 0.5, decl_date = 5/23/2013, ex_date = 6/5/2013
2013-08-27 22:31:59,206, INFO, adding VLCCF to stock map
2013-08-27 22:31:59,883, INFO, parameters loaded: price = 8.28, dividend = 0.175, decl_date = 8/14/2013, ex_date = 8/26/2013
2013-08-27 22:31:59,890, INFO, adding HGT to stock map
2013-08-27 22:32:00,753, INFO, parameters loaded: price = 8.48, dividend = 0.0824, decl_date = 8/20/2013, ex_date = 8/28/2013
2013-08-27 22:32:00,756, INFO, adding PGH to stock map
2013-08-27 22:32:01,455, INFO, parameters loaded: price = 5.48, dividend = 0.0387, decl_date = 8/12/2013, ex_date = 8/20/2013
2013-08-27 22:32:01,462, INFO, adding LGCY to stock map
2013-08-27 22:32:02,054, INFO, parameters loaded: price = 26.91, dividend = 0.58, decl_date = 7/22/2013, ex_date = 7/30/2013
2013-08-27 22:32:02,056, INFO, adding GAIN to stock map
2013-08-27 22:32:02,761, INFO, parameters loaded: price = 7, dividend = 0.05, decl_date = 7/9/2013, ex_date = 8/19/2013
2013-08-27 22:32:02,770, INFO, adding BAMM to stock map
2013-08-27 22:32:03,311, INFO, parameters loaded: price = 2.36, dividend = 0.05, decl_date = 3/22/2011, ex_date = 4/1/2011
2013-08-27 22:32:03,317, INFO, adding BGCP to stock map
2013-08-27 22:32:03,910, INFO, parameters loaded: price = 5.56, dividend = 0.12, decl_date = 7/30/2013, ex_date = 8/21/2013
2013-08-27 22:32:03,917, INFO, adding ARCC to stock map
2013-08-27 22:32:04,464, INFO, parameters loaded: price = 17.655, dividend = 0.38, decl_date = 5/7/2013, ex_date = 6/12/2013
2013-08-27 22:32:04,466, INFO, adding GOOD to stock map
2013-08-27 22:32:05,250, INFO, parameters loaded: price = 17.84, dividend = 0.125, decl_date = 7/9/2013, ex_date = 8/19/2013
2013-08-27 22:32:05,257, INFO, adding CODI to stock map
2013-08-27 22:32:05,793, INFO, parameters loaded: price = 17.25, dividend = 0.36, decl_date = 7/10/2013, ex_date = 7/19/2013
2013-08-27 22:32:05,796, INFO, adding SXE to stock map
2013-08-27 22:32:06,261, INFO, parameters loaded: price = 19.66, dividend = 0.4, decl_date = 7/29/2013, ex_date = 8/7/2013
2013-08-27 22:32:06,270, INFO, adding EVEP to stock map
2013-08-27 22:32:06,800, INFO, parameters loaded: price = 37.45, dividend = 0.769, decl_date = 7/29/2013, ex_date = 8/6/2013
2013-08-27 22:32:06,808, INFO, adding SDRL to stock map
2013-08-27 22:32:07,347, INFO, parameters loaded: price = 43.73, dividend = 0.88, decl_date = 5/28/2013, ex_date = 6/5/2013
2013-08-27 22:32:07,349, INFO, adding SAN to stock map
2013-08-27 22:32:07,942, INFO, parameters loaded: price = 7.24, dividend = 0.195915, decl_date = 7/2/2013, ex_date = 7/10/2013
2013-08-27 22:32:07,944, INFO, adding CAW to stock map
2013-08-27 22:32:08,477, INFO, parameters loaded: price = 3.46, dividend = 0.07, decl_date = 7/18/2013, ex_date = 7/31/2013
2013-08-27 22:32:08,479, INFO, adding QCCO to stock map
2013-08-27 22:32:09,000, INFO, parameters loaded: price = 2.6, dividend = 0.05, decl_date = 7/30/2013, ex_date = 8/20/2013
2013-08-27 22:32:09,008, INFO, adding AB to stock map
2013-08-27 22:32:09,660, INFO, parameters loaded: price = 19.29, dividend = 0.41, decl_date = 7/31/2013, ex_date = 8/8/2013
2013-08-27 22:32:09,666, INFO, adding GA to stock map
2013-08-27 22:32:10,126, INFO, parameters loaded: price = 7.7, dividend = 0.42, decl_date = 2/22/2013, ex_date = 5/16/2013
2013-08-27 22:32:10,128, INFO, adding MCHX to stock map
2013-08-27 22:32:10,634, INFO, parameters loaded: price = 6.94, dividend = 0.14, decl_date = 12/7/2012, ex_date = 12/14/2012
2013-08-27 22:32:10,641, INFO, adding TNH to stock map
2013-08-27 22:32:11,329, INFO, parameters loaded: price = 210.24, dividend = 4.02, decl_date = 8/6/2013, ex_date = 8/14/2013
2013-08-27 22:32:11,330, INFO, adding MTR to stock map
2013-08-27 22:32:12,187, INFO, parameters loaded: price = 23.2, dividend = 0.2293704, decl_date = 8/19/2013, ex_date = 8/28/2013
2013-08-27 22:32:12,189, INFO, adding HCLP to stock map
2013-08-27 22:32:12,644, INFO, parameters loaded: price = 23.43, dividend = 0.475, decl_date = 7/17/2013, ex_date = 7/30/2013
2013-08-27 22:32:12,652, INFO, adding APU to stock map
2013-08-27 22:32:13,278, INFO, parameters loaded: price = 42.93, dividend = 0.84, decl_date = 7/29/2013, ex_date = 8/7/2013
2013-08-27 22:32:13,280, INFO, adding NAT to stock map
2013-08-27 22:32:13,886, INFO, parameters loaded: price = 7.8, dividend = 0.16, decl_date = 7/9/2013, ex_date = 7/29/2013
2013-08-27 22:32:13,888, INFO, adding CMLP to stock map
2013-08-27 22:32:14,407, INFO, parameters loaded: price = 25.93, dividend = 0.51, decl_date = 7/18/2013, ex_date = 7/30/2013
2013-08-27 22:32:14,414, INFO, adding SPH to stock map
2013-08-27 22:32:15,080, INFO, parameters loaded: price = 46.94, dividend = 0.875, decl_date = 7/24/2013, ex_date = 8/2/2013
2013-08-27 22:32:15,081, INFO, adding HTGC to stock map
2013-08-27 22:32:15,642, INFO, parameters loaded: price = 14.52, dividend = 0.28, decl_date = 8/1/2013, ex_date = 8/9/2013
2013-08-27 22:32:15,643, INFO, adding EXLP to stock map
2013-08-27 22:32:16,228, INFO, parameters loaded: price = 27.67, dividend = 0.5225, decl_date = 7/30/2013, ex_date = 8/7/2013
2013-08-27 22:32:16,237, INFO, adding STWD to stock map
2013-08-27 22:32:16,770, INFO, parameters loaded: price = 24.91, dividend = 0.46, decl_date = 5/8/2013, ex_date = 6/26/2013
2013-08-27 22:32:16,778, INFO, adding ABR to stock map
2013-08-27 22:32:17,371, INFO, parameters loaded: price = 6.87, dividend = 0.13, decl_date = 8/2/2013, ex_date = 8/12/2013
2013-08-27 22:32:17,380, INFO, adding TCAP to stock map
2013-08-27 22:32:18,155, INFO, parameters loaded: price = 29.08, dividend = 0.54, decl_date = 5/29/2013, ex_date = 6/10/2013
2013-08-27 22:32:18,157, INFO, adding CRT to stock map
2013-08-27 22:32:19,063, INFO, parameters loaded: price = 29.341, dividend = 0.235695, decl_date = 8/20/2013, ex_date = 8/28/2013
2013-08-27 22:32:19,065, INFO, adding UMH to stock map
2013-08-27 22:32:19,765, INFO, parameters loaded: price = 9.69, dividend = 0.18, decl_date = 7/1/2013, ex_date = 8/13/2013
2013-08-27 22:32:19,771, INFO, adding SIR to stock map
2013-08-27 22:32:20,281, INFO, parameters loaded: price = 24.28, dividend = 0.44, decl_date = 7/9/2013, ex_date = 7/22/2013
2013-08-27 22:32:20,284, INFO, adding GOV to stock map
2013-08-27 22:32:20,821, INFO, parameters loaded: price = 23.76, dividend = 0.43, decl_date = 7/10/2013, ex_date = 7/24/2013
2013-08-27 22:32:20,822, INFO, adding HLSS to stock map
2013-08-27 22:32:22,881, INFO, parameters loaded: price = 23.01, dividend = 0.15, decl_date = 7/18/2013, ex_date = 8/28/2013
2013-08-27 22:32:22,891, INFO, adding EEP to stock map
2013-08-27 22:32:23,486, INFO, parameters loaded: price = 29.94, dividend = 0.5435, decl_date = 7/29/2013, ex_date = 8/5/2013
2013-08-27 22:32:23,487, INFO, adding BWP to stock map
2013-08-27 22:32:24,036, INFO, parameters loaded: price = 30.13, dividend = 0.5325, decl_date = 7/29/2013, ex_date = 8/6/2013
2013-08-27 22:32:24,044, INFO, adding LGP to stock map
2013-08-27 22:32:24,482, INFO, parameters loaded: price = 27.02, dividend = 0.4775, decl_date = 8/8/2013, ex_date = 8/21/2013
2013-08-27 22:32:24,489, INFO, adding CLNY to stock map
2013-08-27 22:32:24,958, INFO, parameters loaded: price = 19.71, dividend = 0.35, decl_date = 6/4/2013, ex_date = 6/26/2013
2013-08-27 22:32:24,965, INFO, adding SBR to stock map
2013-08-27 22:32:25,818, INFO, parameters loaded: price = 53.31, dividend = 0.44969, decl_date = 8/5/2013, ex_date = 8/13/2013
2013-08-27 22:32:25,820, INFO, adding MMLP to stock map
2013-08-27 22:32:26,389, INFO, parameters loaded: price = 45.82, dividend = 0.78, decl_date = 7/25/2013, ex_date = 8/5/2013
2013-08-27 22:32:26,392, INFO, adding VOD to stock map
2013-08-27 22:32:27,026, INFO, parameters loaded: price = 29.34, dividend = 1.062635, decl_date = --, ex_date = 6/12/2013
2013-08-27 22:32:27,028, WARNING, parameter not valid
2013-08-27 22:32:59,207, INFO, ===== Start a new run of Divident-Collar-Analysis =====
2013-08-27 22:32:59,261, INFO, initilizing stock map from file symbols.data
2013-08-27 22:32:59,263, INFO, adding WMC to stock map
2013-08-27 22:32:59,717, INFO, parameters loaded: price = 15.9, dividend = 0.9, decl_date = 6/20/2013, ex_date = 6/27/2013
2013-08-27 22:32:59,724, INFO, adding WHZ to stock map
2013-08-27 22:33:00,191, INFO, parameters loaded: price = 12.91, dividend = 0.739362, decl_date = 8/7/2013, ex_date = 8/15/2013
2013-08-27 22:33:00,193, INFO, adding CHKR to stock map
2013-08-27 22:33:00,733, INFO, parameters loaded: price = 13.59, dividend = 0.69, decl_date = 8/8/2013, ex_date = 8/15/2013
2013-08-27 22:33:00,740, INFO, adding SDT to stock map
2013-08-27 22:33:01,209, INFO, parameters loaded: price = 12.86, dividend = 0.6112, decl_date = 7/25/2013, ex_date = 8/12/2013
2013-08-27 22:33:01,211, INFO, adding AMTG to stock map
2013-08-27 22:33:01,781, INFO, parameters loaded: price = 15.34, dividend = 0.7, decl_date = 6/17/2013, ex_date = 6/26/2013
2013-08-27 22:33:01,787, INFO, adding AGNC to stock map
2013-08-27 22:33:02,308, INFO, parameters loaded: price = 22.95, dividend = 1.05, decl_date = 6/18/2013, ex_date = 6/26/2013
2013-08-27 22:33:02,316, INFO, adding CYS to stock map
2013-08-27 22:33:02,895, INFO, parameters loaded: price = 7.81, dividend = 0.34, decl_date = 6/10/2013, ex_date = 6/21/2013
2013-08-27 22:33:02,903, INFO, adding SDR to stock map
2013-08-27 22:33:03,394, INFO, parameters loaded: price = 14.15, dividend = 0.683, decl_date = 7/25/2013, ex_date = 8/12/2013
2013-08-27 22:33:03,401, INFO, adding IVR to stock map
2013-08-27 22:33:03,898, INFO, parameters loaded: price = 15.59, dividend = 0.65, decl_date = 6/17/2013, ex_date = 6/25/2013
2013-08-27 22:33:03,904, INFO, adding MTGE to stock map
2013-08-27 22:33:04,399, INFO, parameters loaded: price = 20.19, dividend = 0.8, decl_date = 6/18/2013, ex_date = 6/26/2013
2013-08-27 22:33:04,400, INFO, adding HTS to stock map
2013-08-27 22:33:04,919, INFO, parameters loaded: price = 18.77, dividend = 0.7, decl_date = 6/18/2013, ex_date = 6/27/2013
2013-08-27 22:33:04,926, INFO, adding DX to stock map
2013-08-27 22:33:05,429, INFO, parameters loaded: price = 8.02, dividend = 0.29, decl_date = 6/5/2013, ex_date = 6/26/2013
2013-08-27 22:33:05,438, INFO, adding ALTV to stock map
2013-08-27 22:33:06,050, INFO, parameters loaded: price = 7.48, dividend = 0.27, decl_date = 6/11/2013, ex_date = 6/19/2013
2013-08-27 22:33:06,057, INFO, adding SRC to stock map
2013-08-27 22:33:06,532, INFO, parameters loaded: price = 8.71, dividend = 0.0, decl_date = 0/0/0, ex_date = 0/0/0
2013-08-27 22:33:06,539, WARNING, parameter not valid
2013-08-27 22:33:06,539, INFO, adding NLY to stock map
2013-08-27 22:33:07,144, INFO, parameters loaded: price = 11.54, dividend = 0.4, decl_date = 6/19/2013, ex_date = 6/27/2013
2013-08-27 22:33:07,146, INFO, adding PER to stock map
2013-08-27 22:33:07,641, INFO, parameters loaded: price = 14.85, dividend = 0.585, decl_date = 7/25/2013, ex_date = 8/12/2013
2013-08-27 22:33:07,644, INFO, adding EROC to stock map
2013-08-27 22:33:08,252, INFO, parameters loaded: price = 6.08, dividend = 0.22, decl_date = 7/24/2013, ex_date = 8/5/2013
2013-08-27 22:33:08,259, INFO, adding RSO to stock map
2013-08-27 22:33:08,835, INFO, parameters loaded: price = 5.82, dividend = 0.2, decl_date = 6/14/2013, ex_date = 6/26/2013
2013-08-27 22:33:08,841, INFO, adding ANH to stock map
2013-08-27 22:33:09,606, INFO, parameters loaded: price = 4.46, dividend = 0.15, decl_date = 6/28/2013, ex_date = 7/3/2013
2013-08-27 22:33:09,608, INFO, adding PDH to stock map
2013-08-27 22:33:10,073, INFO, parameters loaded: price = 12.2, dividend = 0.3, decl_date = 7/24/2013, ex_date = 8/1/2013
2013-08-27 22:33:10,080, INFO, adding SID to stock map
2013-08-27 22:33:10,607, INFO, parameters loaded: price = 3.67, dividend = 0.089857, decl_date = 8/8/2013, ex_date = 8/15/2013
2013-08-27 22:33:10,613, INFO, adding NTI to stock map
2013-08-27 22:33:11,109, INFO, parameters loaded: price = 21.19, dividend = 0.68, decl_date = 8/12/2013, ex_date = 8/20/2013
2013-08-27 22:33:11,111, INFO, adding KCAP to stock map
2013-08-27 22:33:11,635, INFO, parameters loaded: price = 8.53, dividend = 0.28, decl_date = 6/17/2013, ex_date = 7/2/2013
2013-08-27 22:33:11,641, INFO, adding LRE to stock map
2013-08-27 22:33:12,112, INFO, parameters loaded: price = 15.12, dividend = 0.485, decl_date = 7/19/2013, ex_date = 7/26/2013
2013-08-27 22:33:12,118, INFO, adding NMM to stock map
2013-08-27 22:33:12,672, INFO, parameters loaded: price = 14.15, dividend = 0.4425, decl_date = 7/22/2013, ex_date = 8/6/2013
2013-08-27 22:33:12,678, INFO, adding WIN to stock map
2013-08-27 22:33:13,224, INFO, parameters loaded: price = 8.1, dividend = 0.25, decl_date = 5/8/2013, ex_date = 6/26/2013
2013-08-27 22:33:13,230, INFO, adding MFA to stock map
2013-08-27 22:33:13,874, INFO, parameters loaded: price = 7.41, dividend = 0.28, decl_date = 8/1/2013, ex_date = 8/8/2013
2013-08-27 22:33:13,876, INFO, adding TICC to stock map
2013-08-27 22:33:14,457, INFO, parameters loaded: price = 9.62, dividend = 0.29, decl_date = 4/30/2013, ex_date = 6/12/2013
2013-08-27 22:33:14,464, INFO, adding TNK to stock map
2013-08-27 22:33:15,015, INFO, parameters loaded: price = 2.68, dividend = 0.03, decl_date = 7/8/2013, ex_date = 7/17/2013
2013-08-27 22:33:15,017, INFO, adding LINE to stock map
2013-08-27 22:33:15,551, INFO, parameters loaded: price = 24.57, dividend = 0.2416, decl_date = 8/1/2013, ex_date = 8/8/2013
2013-08-27 22:33:15,552, INFO, adding QRE to stock map
2013-08-27 22:33:16,066, INFO, parameters loaded: price = 16.78, dividend = 0.4875, decl_date = 7/24/2013, ex_date = 8/5/2013
2013-08-27 22:33:16,072, INFO, adding PSEC to stock map
2013-08-27 22:33:16,722, INFO, parameters loaded: price = 11.2, dividend = 0.1102, decl_date = 5/6/2013, ex_date = 8/28/2013
2013-08-27 22:33:16,730, INFO, adding SCCO to stock map
2013-08-27 22:33:17,343, INFO, parameters loaded: price = 27.63, dividend = 0.12, decl_date = 7/18/2013, ex_date = 8/5/2013
2013-08-27 22:33:17,345, INFO, adding OZM to stock map
2013-08-27 22:33:17,881, INFO, parameters loaded: price = 10.57, dividend = 0.14, decl_date = 8/1/2013, ex_date = 8/8/2013
2013-08-27 22:33:17,888, INFO, adding TEU to stock map
2013-08-27 22:33:18,365, INFO, parameters loaded: price = 4.18, dividend = 0.12, decl_date = 4/25/2013, ex_date = 5/7/2013
2013-08-27 22:33:18,366, INFO, adding RNF to stock map
2013-08-27 22:33:18,860, INFO, parameters loaded: price = 26.48, dividend = 0.85, decl_date = 7/24/2013, ex_date = 8/5/2013
2013-08-27 22:33:18,862, INFO, adding NRP to stock map
2013-08-27 22:33:19,500, INFO, parameters loaded: price = 20.29, dividend = 0.55, decl_date = 7/23/2013, ex_date = 8/1/2013
2013-08-27 22:33:19,501, INFO, adding PT to stock map
2013-08-27 22:33:20,022, INFO, parameters loaded: price = 3.71, dividend = 0.422727, decl_date = 4/26/2013, ex_date = 5/14/2013
2013-08-27 22:33:20,029, INFO, adding SBS to stock map
2013-08-27 22:33:20,538, INFO, parameters loaded: price = 8.38, dividend = 1.16279, decl_date = 3/22/2013, ex_date = 4/1/2013
2013-08-27 22:33:20,539, INFO, adding DOM to stock map
2013-08-27 22:33:21,226, INFO, parameters loaded: price = 5.38, dividend = 0.201383, decl_date = 8/19/2013, ex_date = 8/27/2013
2013-08-27 22:33:21,228, INFO, adding FSC to stock map
2013-08-27 22:33:21,874, INFO, parameters loaded: price = 10.41, dividend = 0.0958, decl_date = 5/6/2013, ex_date = 8/13/2013
2013-08-27 22:33:21,876, INFO, adding BBEP to stock map
2013-08-27 22:33:22,426, INFO, parameters loaded: price = 17.5, dividend = 0.48, decl_date = 7/31/2013, ex_date = 8/8/2013
2013-08-27 22:33:22,433, INFO, adding VOC to stock map
2013-08-27 22:33:22,919, INFO, parameters loaded: price = 15.27, dividend = 0.41, decl_date = 7/18/2013, ex_date = 7/26/2013
2013-08-27 22:33:22,926, INFO, adding CMO to stock map
2013-08-27 22:33:24,568, INFO, parameters loaded: price = 11.83, dividend = 0.31, decl_date = 6/13/2013, ex_date = 6/26/2013
2013-08-27 22:33:24,570, INFO, adding NS to stock map
2013-08-27 22:33:25,178, INFO, parameters loaded: price = 43.33, dividend = 1.095, decl_date = 7/25/2013, ex_date = 8/1/2013
2013-08-27 22:33:25,180, INFO, adding ARI to stock map
2013-08-27 22:33:25,676, INFO, parameters loaded: price = 15.12, dividend = 0.4, decl_date = 5/1/2013, ex_date = 6/26/2013
2013-08-27 22:33:25,682, INFO, adding STON to stock map
2013-08-27 22:33:27,339, INFO, parameters loaded: price = 23.2, dividend = 0.6, decl_date = 7/23/2013, ex_date = 8/1/2013
2013-08-27 22:33:27,340, INFO, adding ARP to stock map
2013-08-27 22:33:27,810, INFO, parameters loaded: price = 21.01, dividend = 0.54, decl_date = 7/24/2013, ex_date = 8/2/2013
2013-08-27 22:33:27,817, INFO, adding NTLS to stock map
2013-08-27 22:33:28,380, INFO, parameters loaded: price = 16.53, dividend = 0.42, decl_date = 5/2/2013, ex_date = 6/12/2013
2013-08-27 22:33:28,387, INFO, adding BKCC to stock map
2013-08-27 22:33:28,942, INFO, parameters loaded: price = 9.92, dividend = 0.26, decl_date = 5/1/2013, ex_date = 6/14/2013
2013-08-27 22:33:28,948, INFO, adding CPLP to stock map
2013-08-27 22:33:29,502, INFO, parameters loaded: price = 8.92, dividend = 0.2325, decl_date = 7/22/2013, ex_date = 8/5/2013
2013-08-27 22:33:29,509, INFO, adding NDRO to stock map
2013-08-27 22:33:30,028, INFO, parameters loaded: price = 15.81, dividend = 0.162363, decl_date = 8/20/2013, ex_date = 8/28/2013
2013-08-27 22:33:30,036, INFO, adding MSB to stock map
2013-08-27 22:33:30,659, INFO, parameters loaded: price = 21.39, dividend = 0.46, decl_date = 7/16/2013, ex_date = 7/26/2013
2013-08-27 22:33:30,661, INFO, adding BPT to stock map
2013-08-27 22:33:31,336, INFO, parameters loaded: price = 86.52, dividend = 2.1429095, decl_date = 7/3/2013, ex_date = 7/11/2013
2013-08-27 22:33:31,347, INFO, adding AINV to stock map
2013-08-27 22:33:31,889, INFO, parameters loaded: price = 7.89, dividend = 0.2, decl_date = 5/23/2013, ex_date = 6/18/2013
2013-08-27 22:33:31,896, INFO, adding UAN to stock map
2013-08-27 22:33:32,356, INFO, parameters loaded: price = 18.52, dividend = 0.583, decl_date = 7/26/2013, ex_date = 8/5/2013
2013-08-27 22:33:32,363, INFO, adding GLAD to stock map
2013-08-27 22:33:33,311, INFO, parameters loaded: price = 8.22, dividend = 0.07, decl_date = 7/9/2013, ex_date = 8/19/2013
2013-08-27 22:33:33,316, INFO, adding MEMP to stock map
2013-08-27 22:33:33,783, INFO, parameters loaded: price = 20.67, dividend = 0.5125, decl_date = 7/19/2013, ex_date = 7/30/2013
2013-08-27 22:33:33,785, INFO, adding PNNT to stock map
2013-08-27 22:33:34,359, INFO, parameters loaded: price = 11.06, dividend = 0.28, decl_date = 6/3/2013, ex_date = 6/19/2013
2013-08-27 22:33:34,360, INFO, adding STRA to stock map
2013-08-27 22:33:35,069, INFO, parameters loaded: price = 41.1, dividend = 1, decl_date = 11/7/2012, ex_date = 11/21/2012
2013-08-27 22:33:35,077, INFO, adding VGR to stock map
2013-08-27 22:33:35,715, INFO, parameters loaded: price = 16.31, dividend = 0.4, decl_date = 5/31/2013, ex_date = 6/12/2013
2013-08-27 22:33:35,717, INFO, adding MGPC to stock map
2013-08-27 22:33:36,177, INFO, parameters loaded: price = 0.0, dividend = 0.0, decl_date = 0/0/0, ex_date = 0/0/0
2013-08-27 22:33:36,179, WARNING, parameter not valid
2013-08-27 22:33:36,184, INFO, adding PVR to stock map
2013-08-27 22:33:36,761, INFO, parameters loaded: price = 23.08, dividend = 0.55, decl_date = 7/24/2013, ex_date = 8/5/2013
2013-08-27 22:33:36,764, INFO, adding SFL to stock map
2013-08-27 22:33:37,333, INFO, parameters loaded: price = 15.69, dividend = 0.39, decl_date = 5/30/2013, ex_date = 6/19/2013
2013-08-27 22:33:37,344, INFO, adding CSA to stock map
2013-08-27 22:33:37,768, INFO, parameters loaded: price = 0.0, dividend = 0.0, decl_date = 0/0/0, ex_date = 0/0/0
2013-08-27 22:33:37,769, WARNING, parameter not valid
2013-08-27 22:33:37,774, INFO, adding NRT to stock map
2013-08-27 22:33:38,441, INFO, parameters loaded: price = 24.55, dividend = 0.49, decl_date = 7/29/2013, ex_date = 8/14/2013
2013-08-27 22:33:38,449, INFO, adding ROYT to stock map
2013-08-27 22:33:38,931, INFO, parameters loaded: price = 17.85, dividend = 0.15462, decl_date = 7/26/2013, ex_date = 8/1/2013
2013-08-27 22:33:38,933, INFO, adding CLMT to stock map
2013-08-27 22:33:39,457, INFO, parameters loaded: price = 30.45, dividend = 0.685, decl_date = 7/22/2013, ex_date = 7/31/2013
2013-08-27 22:33:39,466, INFO, adding NSH to stock map
2013-08-27 22:33:39,995, INFO, parameters loaded: price = 24.11, dividend = 0.545, decl_date = 7/25/2013, ex_date = 8/1/2013
2013-08-27 22:33:40,004, INFO, adding WVT to stock map
2013-08-27 22:33:40,446, INFO, parameters loaded: price = 0.0, dividend = 0.0, decl_date = 0/0/0, ex_date = 0/0/0
2013-08-27 22:33:40,453, WARNING, parameter not valid
2013-08-27 22:33:40,454, INFO, adding VNR to stock map
2013-08-27 22:33:41,036, INFO, parameters loaded: price = 27.85, dividend = 0.205, decl_date = 7/18/2013, ex_date = 7/30/2013
2013-08-27 22:33:41,038, INFO, adding NRF to stock map
2013-08-27 22:33:41,580, INFO, parameters loaded: price = 8.66, dividend = 0.2, decl_date = 7/31/2013, ex_date = 8/8/2013
2013-08-27 22:33:41,587, INFO, adding CNSL to stock map
2013-08-27 22:33:42,326, INFO, parameters loaded: price = 16.71, dividend = 0.38738, decl_date = 5/7/2013, ex_date = 7/11/2013
2013-08-27 22:33:42,332, INFO, adding MCEP to stock map
2013-08-27 22:33:42,828, INFO, parameters loaded: price = 23.45, dividend = 0.515, decl_date = 7/25/2013, ex_date = 8/5/2013
2013-08-27 22:33:42,834, INFO, adding TAC to stock map
2013-08-27 22:33:43,449, INFO, parameters loaded: price = 13.15, dividend = 0.2753, decl_date = 7/23/2013, ex_date = 8/28/2013
2013-08-27 22:33:43,451, INFO, adding FTR to stock map
2013-08-27 22:33:44,066, INFO, parameters loaded: price = 4.47, dividend = 0.1, decl_date = 5/6/2013, ex_date = 6/5/2013
2013-08-27 22:33:44,068, INFO, adding FGP to stock map
2013-08-27 22:33:44,750, INFO, parameters loaded: price = 23.22, dividend = 0.5, decl_date = 5/23/2013, ex_date = 6/5/2013
2013-08-27 22:33:44,752, INFO, adding VLCCF to stock map
2013-08-27 22:33:45,415, INFO, parameters loaded: price = 8.28, dividend = 0.175, decl_date = 8/14/2013, ex_date = 8/26/2013
2013-08-27 22:33:45,417, INFO, adding HGT to stock map
2013-08-27 22:33:46,289, INFO, parameters loaded: price = 8.48, dividend = 0.0824, decl_date = 8/20/2013, ex_date = 8/28/2013
2013-08-27 22:33:46,294, INFO, adding PGH to stock map
2013-08-27 22:33:46,975, INFO, parameters loaded: price = 5.48, dividend = 0.0387, decl_date = 8/12/2013, ex_date = 8/20/2013
2013-08-27 22:33:46,977, INFO, adding LGCY to stock map
2013-08-27 22:33:47,687, INFO, parameters loaded: price = 26.91, dividend = 0.58, decl_date = 7/22/2013, ex_date = 7/30/2013
2013-08-27 22:33:47,689, INFO, adding GAIN to stock map
2013-08-27 22:33:48,450, INFO, parameters loaded: price = 7, dividend = 0.05, decl_date = 7/9/2013, ex_date = 8/19/2013
2013-08-27 22:33:48,456, INFO, adding BAMM to stock map
2013-08-27 22:33:49,030, INFO, parameters loaded: price = 2.36, dividend = 0.05, decl_date = 3/22/2011, ex_date = 4/1/2011
2013-08-27 22:33:49,033, INFO, adding BGCP to stock map
2013-08-27 22:33:49,560, INFO, parameters loaded: price = 5.56, dividend = 0.12, decl_date = 7/30/2013, ex_date = 8/21/2013
2013-08-27 22:33:49,562, INFO, adding ARCC to stock map
2013-08-27 22:33:50,109, INFO, parameters loaded: price = 17.655, dividend = 0.38, decl_date = 5/7/2013, ex_date = 6/12/2013
2013-08-27 22:33:50,111, INFO, adding GOOD to stock map
2013-08-27 22:33:50,914, INFO, parameters loaded: price = 17.84, dividend = 0.125, decl_date = 7/9/2013, ex_date = 8/19/2013
2013-08-27 22:33:50,921, INFO, adding CODI to stock map
2013-08-27 22:33:51,483, INFO, parameters loaded: price = 17.25, dividend = 0.36, decl_date = 7/10/2013, ex_date = 7/19/2013
2013-08-27 22:33:51,485, INFO, adding SXE to stock map
2013-08-27 22:33:51,928, INFO, parameters loaded: price = 19.66, dividend = 0.4, decl_date = 7/29/2013, ex_date = 8/7/2013
2013-08-27 22:33:51,935, INFO, adding EVEP to stock map
2013-08-27 22:33:52,475, INFO, parameters loaded: price = 37.45, dividend = 0.769, decl_date = 7/29/2013, ex_date = 8/6/2013
2013-08-27 22:33:52,476, INFO, adding SDRL to stock map
2013-08-27 22:33:52,956, INFO, parameters loaded: price = 43.73, dividend = 0.88, decl_date = 5/28/2013, ex_date = 6/5/2013
2013-08-27 22:33:52,957, INFO, adding SAN to stock map
2013-08-27 22:33:53,580, INFO, parameters loaded: price = 7.24, dividend = 0.195915, decl_date = 7/2/2013, ex_date = 7/10/2013
2013-08-27 22:33:53,586, INFO, adding CAW to stock map
2013-08-27 22:33:54,143, INFO, parameters loaded: price = 3.46, dividend = 0.07, decl_date = 7/18/2013, ex_date = 7/31/2013
2013-08-27 22:33:54,145, INFO, adding QCCO to stock map
2013-08-27 22:33:54,718, INFO, parameters loaded: price = 2.6, dividend = 0.05, decl_date = 7/30/2013, ex_date = 8/20/2013
2013-08-27 22:33:54,724, INFO, adding AB to stock map
2013-08-27 22:33:55,341, INFO, parameters loaded: price = 19.29, dividend = 0.41, decl_date = 7/31/2013, ex_date = 8/8/2013
2013-08-27 22:33:55,343, INFO, adding GA to stock map
2013-08-27 22:33:55,805, INFO, parameters loaded: price = 7.7, dividend = 0.42, decl_date = 2/22/2013, ex_date = 5/16/2013
2013-08-27 22:33:55,807, INFO, adding MCHX to stock map
2013-08-27 22:33:56,363, INFO, parameters loaded: price = 6.94, dividend = 0.14, decl_date = 12/7/2012, ex_date = 12/14/2012
2013-08-27 22:33:56,370, INFO, adding TNH to stock map
2013-08-27 22:33:56,969, INFO, parameters loaded: price = 210.24, dividend = 4.02, decl_date = 8/6/2013, ex_date = 8/14/2013
2013-08-27 22:33:56,975, INFO, adding MTR to stock map
2013-08-27 22:33:57,842, INFO, parameters loaded: price = 23.2, dividend = 0.2293704, decl_date = 8/19/2013, ex_date = 8/28/2013
2013-08-27 22:33:57,843, INFO, adding HCLP to stock map
2013-08-27 22:33:58,377, INFO, parameters loaded: price = 23.43, dividend = 0.475, decl_date = 7/17/2013, ex_date = 7/30/2013
2013-08-27 22:33:58,383, INFO, adding APU to stock map
2013-08-27 22:33:59,019, INFO, parameters loaded: price = 42.93, dividend = 0.84, decl_date = 7/29/2013, ex_date = 8/7/2013
2013-08-27 22:33:59,021, INFO, adding NAT to stock map
2013-08-27 22:33:59,674, INFO, parameters loaded: price = 7.8, dividend = 0.16, decl_date = 7/9/2013, ex_date = 7/29/2013
2013-08-27 22:33:59,676, INFO, adding CMLP to stock map
2013-08-27 22:34:00,220, INFO, parameters loaded: price = 25.93, dividend = 0.51, decl_date = 7/18/2013, ex_date = 7/30/2013
2013-08-27 22:34:00,228, INFO, adding SPH to stock map
2013-08-27 22:34:00,859, INFO, parameters loaded: price = 46.94, dividend = 0.875, decl_date = 7/24/2013, ex_date = 8/2/2013
2013-08-27 22:34:00,861, INFO, adding HTGC to stock map
2013-08-27 22:34:01,458, INFO, parameters loaded: price = 14.52, dividend = 0.28, decl_date = 8/1/2013, ex_date = 8/9/2013
2013-08-27 22:34:01,460, INFO, adding EXLP to stock map
2013-08-27 22:34:01,991, INFO, parameters loaded: price = 27.67, dividend = 0.5225, decl_date = 7/30/2013, ex_date = 8/7/2013
2013-08-27 22:34:01,999, INFO, adding STWD to stock map
2013-08-27 22:34:02,537, INFO, parameters loaded: price = 24.91, dividend = 0.46, decl_date = 5/8/2013, ex_date = 6/26/2013
2013-08-27 22:34:02,544, INFO, adding ABR to stock map
2013-08-27 22:34:03,111, INFO, parameters loaded: price = 6.87, dividend = 0.13, decl_date = 8/2/2013, ex_date = 8/12/2013
2013-08-27 22:34:03,117, INFO, adding TCAP to stock map
2013-08-27 22:34:03,671, INFO, parameters loaded: price = 29.08, dividend = 0.54, decl_date = 5/29/2013, ex_date = 6/10/2013
2013-08-27 22:34:03,678, INFO, adding CRT to stock map
2013-08-27 22:34:04,604, INFO, parameters loaded: price = 29.341, dividend = 0.235695, decl_date = 8/20/2013, ex_date = 8/28/2013
2013-08-27 22:34:04,608, INFO, adding UMH to stock map
2013-08-27 22:34:05,419, INFO, parameters loaded: price = 9.69, dividend = 0.18, decl_date = 7/1/2013, ex_date = 8/13/2013
2013-08-27 22:34:05,421, INFO, adding SIR to stock map
2013-08-27 22:34:05,863, INFO, parameters loaded: price = 24.28, dividend = 0.44, decl_date = 7/9/2013, ex_date = 7/22/2013
2013-08-27 22:34:05,864, INFO, adding GOV to stock map
2013-08-27 22:34:06,433, INFO, parameters loaded: price = 23.76, dividend = 0.43, decl_date = 7/10/2013, ex_date = 7/24/2013
2013-08-27 22:34:06,439, INFO, adding HLSS to stock map
2013-08-27 22:34:06,978, INFO, parameters loaded: price = 23.01, dividend = 0.15, decl_date = 7/18/2013, ex_date = 8/28/2013
2013-08-27 22:34:06,980, INFO, adding EEP to stock map
2013-08-27 22:34:07,596, INFO, parameters loaded: price = 29.94, dividend = 0.5435, decl_date = 7/29/2013, ex_date = 8/5/2013
2013-08-27 22:34:07,598, INFO, adding BWP to stock map
2013-08-27 22:34:08,216, INFO, parameters loaded: price = 30.13, dividend = 0.5325, decl_date = 7/29/2013, ex_date = 8/6/2013
2013-08-27 22:34:08,217, INFO, adding LGP to stock map
2013-08-27 22:34:08,671, INFO, parameters loaded: price = 27.02, dividend = 0.4775, decl_date = 8/8/2013, ex_date = 8/21/2013
2013-08-27 22:34:08,672, INFO, adding CLNY to stock map
2013-08-27 22:34:09,198, INFO, parameters loaded: price = 19.71, dividend = 0.35, decl_date = 6/4/2013, ex_date = 6/26/2013
2013-08-27 22:34:09,207, INFO, adding SBR to stock map
2013-08-27 22:34:10,087, INFO, parameters loaded: price = 53.31, dividend = 0.44969, decl_date = 8/5/2013, ex_date = 8/13/2013
2013-08-27 22:34:10,094, INFO, adding MMLP to stock map
2013-08-27 22:34:10,776, INFO, parameters loaded: price = 45.82, dividend = 0.78, decl_date = 7/25/2013, ex_date = 8/5/2013
2013-08-27 22:34:10,778, INFO, adding VOD to stock map
2013-08-27 22:34:11,351, INFO, parameters loaded: price = 29.34, dividend = 1.062635, decl_date = --, ex_date = 6/12/2013
2013-08-27 22:34:11,352, WARNING, parameter not valid
2013-08-27 22:34:11,358, INFO, === begin analysis for SIR, price: 24.28, dividend: 0.44
2013-08-27 22:34:11,362, INFO, matching past: 7/9/2013, now: 8/27/2013, future: 7/22/2013
2013-08-27 22:34:11,362, INFO, date not match for SIR, pass
2013-08-27 22:34:11,363, INFO, === begin analysis for EXLP, price: 27.67, dividend: 0.5225
2013-08-27 22:34:11,366, INFO, matching past: 7/30/2013, now: 8/27/2013, future: 8/7/2013
2013-08-27 22:34:11,366, INFO, date not match for EXLP, pass
2013-08-27 22:34:11,366, INFO, === begin analysis for GAIN, price: 7.0, dividend: 0.05
2013-08-27 22:34:11,378, INFO, matching past: 7/9/2013, now: 8/27/2013, future: 8/19/2013
2013-08-27 22:34:11,378, INFO, date not match for GAIN, pass
2013-08-27 22:34:11,379, INFO, === begin analysis for CLMT, price: 30.45, dividend: 0.685
2013-08-27 22:34:11,380, INFO, matching past: 7/22/2013, now: 8/27/2013, future: 7/31/2013
2013-08-27 22:34:11,380, INFO, date not match for CLMT, pass
2013-08-27 22:34:11,381, INFO, === begin analysis for SID, price: 3.67, dividend: 0.089857
2013-08-27 22:34:11,383, INFO, matching past: 8/8/2013, now: 8/27/2013, future: 8/15/2013
2013-08-27 22:34:11,383, INFO, date not match for SID, pass
2013-08-27 22:34:11,384, INFO, === begin analysis for LINE, price: 24.57, dividend: 0.2416
2013-08-27 22:34:11,391, INFO, matching past: 8/1/2013, now: 8/27/2013, future: 8/8/2013
2013-08-27 22:34:11,391, INFO, date not match for LINE, pass
2013-08-27 22:34:11,392, INFO, === begin analysis for BWP, price: 30.13, dividend: 0.5325
2013-08-27 22:34:11,394, INFO, matching past: 7/29/2013, now: 8/27/2013, future: 8/6/2013
2013-08-27 22:34:11,394, INFO, date not match for BWP, pass
2013-08-27 22:34:11,394, INFO, === begin analysis for KCAP, price: 8.53, dividend: 0.28
2013-08-27 22:34:11,396, INFO, matching past: 6/17/2013, now: 8/27/2013, future: 7/2/2013
2013-08-27 22:34:11,396, INFO, date not match for KCAP, pass
2013-08-27 22:34:11,397, INFO, === begin analysis for SXE, price: 19.66, dividend: 0.4
2013-08-27 22:34:11,398, INFO, matching past: 7/29/2013, now: 8/27/2013, future: 8/7/2013
2013-08-27 22:34:11,398, INFO, date not match for SXE, pass
2013-08-27 22:34:11,399, INFO, === begin analysis for BKCC, price: 9.92, dividend: 0.26
2013-08-27 22:34:11,400, INFO, matching past: 5/1/2013, now: 8/27/2013, future: 6/14/2013
2013-08-27 22:34:11,401, INFO, date not match for BKCC, pass
2013-08-27 22:34:11,403, INFO, === begin analysis for FGP, price: 23.22, dividend: 0.5
2013-08-27 22:34:11,405, INFO, matching past: 5/23/2013, now: 8/27/2013, future: 6/5/2013
2013-08-27 22:34:11,405, INFO, date not match for FGP, pass
2013-08-27 22:34:11,406, INFO, === begin analysis for SPH, price: 46.94, dividend: 0.875
2013-08-27 22:34:11,408, INFO, matching past: 7/24/2013, now: 8/27/2013, future: 8/2/2013
2013-08-27 22:34:11,408, INFO, date not match for SPH, pass
2013-08-27 22:34:11,408, INFO, === begin analysis for VNR, price: 27.85, dividend: 0.205
2013-08-27 22:34:11,415, INFO, matching past: 7/18/2013, now: 8/27/2013, future: 7/30/2013
2013-08-27 22:34:11,415, INFO, date not match for VNR, pass
2013-08-27 22:34:11,416, INFO, === begin analysis for UAN, price: 18.52, dividend: 0.583
2013-08-27 22:34:11,416, INFO, matching past: 7/26/2013, now: 8/27/2013, future: 8/5/2013
2013-08-27 22:34:11,416, INFO, date not match for UAN, pass
2013-08-27 22:34:11,419, INFO, === begin analysis for SBR, price: 53.31, dividend: 0.44969
2013-08-27 22:34:11,421, INFO, matching past: 8/5/2013, now: 8/27/2013, future: 8/13/2013
2013-08-27 22:34:11,421, INFO, date not match for SBR, pass
2013-08-27 22:34:11,421, INFO, === begin analysis for NDRO, price: 15.81, dividend: 0.162363
2013-08-27 22:34:11,423, INFO, matching past: 8/20/2013, now: 8/27/2013, future: 8/28/2013
2013-08-27 22:34:11,423, INFO, download options of <NDRO> from http://www.optionpain.altervista.org/csv.php?symbol=NDRO&month=8&year=2013
2013-08-27 22:34:13,170, INFO, find valid option file NDRO_2013_8.opt
2013-08-27 22:34:13,172, INFO, options are expired at 9/21/2013
2013-08-27 22:34:13,173, INFO, dividend within date 2013/8 to 2013/8 is 0.162363
2013-08-27 22:34:13,173, INFO, can buy 100 shares with $2000.0
2013-08-27 22:34:13,175, INFO, loading options file NDRO_2013_8.opt
2013-08-27 22:34:13,177, INFO, begin generating yield table
2013-08-27 22:34:13,177, INFO, === begin analysis for SDT, price: 12.86, dividend: 0.6112
2013-08-27 22:34:13,181, INFO, matching past: 7/25/2013, now: 8/27/2013, future: 8/12/2013
2013-08-27 22:34:13,181, INFO, date not match for SDT, pass
2013-08-27 22:34:13,189, INFO, === begin analysis for BBEP, price: 17.5, dividend: 0.48
2013-08-27 22:34:13,190, INFO, matching past: 7/31/2013, now: 8/27/2013, future: 8/8/2013
2013-08-27 22:34:13,190, INFO, date not match for BBEP, pass
2013-08-27 22:34:13,191, INFO, === begin analysis for BGCP, price: 5.56, dividend: 0.12
2013-08-27 22:34:13,192, INFO, matching past: 7/30/2013, now: 8/27/2013, future: 8/21/2013
2013-08-27 22:34:13,192, INFO, date not match for BGCP, pass
2013-08-27 22:34:13,192, INFO, === begin analysis for GA, price: 7.7, dividend: 0.42
2013-08-27 22:34:13,194, INFO, matching past: 2/22/2013, now: 8/27/2013, future: 5/16/2013
2013-08-27 22:34:13,194, INFO, date not match for GA, pass
2013-08-27 22:34:13,195, INFO, === begin analysis for WMC, price: 15.9, dividend: 0.9
2013-08-27 22:34:13,196, INFO, matching past: 6/20/2013, now: 8/27/2013, future: 6/27/2013
2013-08-27 22:34:13,196, INFO, date not match for WMC, pass
2013-08-27 22:34:13,197, INFO, === begin analysis for CLNY, price: 19.71, dividend: 0.35
2013-08-27 22:34:13,199, INFO, matching past: 6/4/2013, now: 8/27/2013, future: 6/26/2013
2013-08-27 22:34:13,200, INFO, date not match for CLNY, pass
2013-08-27 22:34:13,200, INFO, === begin analysis for LGCY, price: 26.91, dividend: 0.58
2013-08-27 22:34:13,200, INFO, matching past: 7/22/2013, now: 8/27/2013, future: 7/30/2013
2013-08-27 22:34:13,200, INFO, date not match for LGCY, pass
2013-08-27 22:34:13,200, INFO, === begin analysis for APU, price: 42.93, dividend: 0.84
2013-08-27 22:34:13,201, INFO, matching past: 7/29/2013, now: 8/27/2013, future: 8/7/2013
2013-08-27 22:34:13,201, INFO, date not match for APU, pass
2013-08-27 22:34:13,206, INFO, === begin analysis for SFL, price: 15.69, dividend: 0.39
2013-08-27 22:34:13,211, INFO, matching past: 5/30/2013, now: 8/27/2013, future: 6/19/2013
2013-08-27 22:34:13,212, INFO, date not match for SFL, pass
2013-08-27 22:34:13,212, INFO, === begin analysis for HCLP, price: 23.43, dividend: 0.475
2013-08-27 22:34:13,213, INFO, matching past: 7/17/2013, now: 8/27/2013, future: 7/30/2013
2013-08-27 22:34:13,214, INFO, date not match for HCLP, pass
2013-08-27 22:34:13,214, INFO, === begin analysis for CMO, price: 11.83, dividend: 0.31
2013-08-27 22:34:13,215, INFO, matching past: 6/13/2013, now: 8/27/2013, future: 6/26/2013
2013-08-27 22:34:13,215, INFO, date not match for CMO, pass
2013-08-27 22:34:13,216, INFO, === begin analysis for BAMM, price: 2.36, dividend: 0.05
2013-08-27 22:34:13,217, INFO, matching past: 3/22/2011, now: 8/27/2013, future: 4/1/2011
2013-08-27 22:34:13,217, INFO, date not match for BAMM, pass
2013-08-27 22:34:13,218, INFO, === begin analysis for MMLP, price: 45.82, dividend: 0.78
2013-08-27 22:34:13,219, INFO, matching past: 7/25/2013, now: 8/27/2013, future: 8/5/2013
2013-08-27 22:34:13,219, INFO, date not match for MMLP, pass
2013-08-27 22:34:13,224, INFO, === begin analysis for NAT, price: 7.8, dividend: 0.16
2013-08-27 22:34:13,227, INFO, matching past: 7/9/2013, now: 8/27/2013, future: 7/29/2013
2013-08-27 22:34:13,227, INFO, date not match for NAT, pass
2013-08-27 22:34:13,228, INFO, === begin analysis for CRT, price: 29.341, dividend: 0.235695
2013-08-27 22:34:13,232, INFO, matching past: 8/20/2013, now: 8/27/2013, future: 8/28/2013
2013-08-27 22:34:13,232, INFO, download options of <CRT> from http://www.optionpain.altervista.org/csv.php?symbol=CRT&month=8&year=2013
2013-08-27 22:34:14,637, INFO, option file CRT_2013_8.opt is empty, move to next month
2013-08-27 22:34:14,640, INFO, download options of <CRT> from http://www.optionpain.altervista.org/csv.php?symbol=CRT&month=9&year=2013
2013-08-27 22:34:16,674, INFO, option file CRT_2013_9.opt is empty, move to next month
2013-08-27 22:34:16,675, INFO, download options of <CRT> from http://www.optionpain.altervista.org/csv.php?symbol=CRT&month=10&year=2013
2013-08-27 22:34:18,205, INFO, option file CRT_2013_10.opt is empty, move to next month
2013-08-27 22:34:18,209, INFO, no valid option file
2013-08-27 22:34:18,211, INFO, === begin analysis for PNNT, price: 11.06, dividend: 0.28
2013-08-27 22:34:18,216, INFO, matching past: 6/3/2013, now: 8/27/2013, future: 6/19/2013
2013-08-27 22:34:18,216, INFO, date not match for PNNT, pass
2013-08-27 22:34:18,217, INFO, === begin analysis for EEP, price: 29.94, dividend: 0.5435
2013-08-27 22:34:18,228, INFO, matching past: 7/29/2013, now: 8/27/2013, future: 8/5/2013
2013-08-27 22:34:18,228, INFO, date not match for EEP, pass
2013-08-27 22:34:18,229, INFO, === begin analysis for CHKR, price: 13.59, dividend: 0.69
2013-08-27 22:34:18,229, INFO, matching past: 8/8/2013, now: 8/27/2013, future: 8/15/2013
2013-08-27 22:34:18,229, INFO, date not match for CHKR, pass
2013-08-27 22:34:18,230, INFO, === begin analysis for EROC, price: 6.08, dividend: 0.22
2013-08-27 22:34:18,232, INFO, matching past: 7/24/2013, now: 8/27/2013, future: 8/5/2013
2013-08-27 22:34:18,232, INFO, date not match for EROC, pass
2013-08-27 22:34:18,233, INFO, === begin analysis for AB, price: 19.29, dividend: 0.41
2013-08-27 22:34:18,235, INFO, matching past: 7/31/2013, now: 8/27/2013, future: 8/8/2013
2013-08-27 22:34:18,235, INFO, date not match for AB, pass
2013-08-27 22:34:18,237, INFO, === begin analysis for MGPC, price: 0.0, dividend: 0.0
2013-08-27 22:34:18,238, INFO, matching past: 0/0/0, now: 8/27/2013, future: 0/0/0
2013-08-27 22:34:18,238, INFO, date not match for MGPC, pass
2013-08-27 22:34:18,238, INFO, === begin analysis for CNSL, price: 16.71, dividend: 0.38738
2013-08-27 22:34:18,239, INFO, matching past: 5/7/2013, now: 8/27/2013, future: 7/11/2013
2013-08-27 22:34:18,239, INFO, date not match for CNSL, pass
2013-08-27 22:34:18,246, INFO, === begin analysis for MFA, price: 7.41, dividend: 0.28
2013-08-27 22:34:18,247, INFO, matching past: 8/1/2013, now: 8/27/2013, future: 8/8/2013
2013-08-27 22:34:18,247, INFO, date not match for MFA, pass
2013-08-27 22:34:18,248, INFO, === begin analysis for PT, price: 3.71, dividend: 0.422727
2013-08-27 22:34:18,250, INFO, matching past: 4/26/2013, now: 8/27/2013, future: 5/14/2013
2013-08-27 22:34:18,250, INFO, date not match for PT, pass
2013-08-27 22:34:18,251, INFO, === begin analysis for SDRL, price: 43.73, dividend: 0.88
2013-08-27 22:34:18,255, INFO, matching past: 5/28/2013, now: 8/27/2013, future: 6/5/2013
2013-08-27 22:34:18,255, INFO, date not match for SDRL, pass
2013-08-27 22:34:18,257, INFO, === begin analysis for NLY, price: 11.54, dividend: 0.4
2013-08-27 22:34:18,265, INFO, matching past: 6/19/2013, now: 8/27/2013, future: 6/27/2013
2013-08-27 22:34:18,265, INFO, date not match for NLY, pass
2013-08-27 22:34:18,266, INFO, === begin analysis for WVT, price: 0.0, dividend: 0.0
2013-08-27 22:34:18,269, INFO, matching past: 0/0/0, now: 8/27/2013, future: 0/0/0
2013-08-27 22:34:18,270, INFO, date not match for WVT, pass
2013-08-27 22:34:18,274, INFO, === begin analysis for AGNC, price: 22.95, dividend: 1.05
2013-08-27 22:34:18,276, INFO, matching past: 6/18/2013, now: 8/27/2013, future: 6/26/2013
2013-08-27 22:34:18,276, INFO, date not match for AGNC, pass
2013-08-27 22:34:18,280, INFO, === begin analysis for FTR, price: 4.47, dividend: 0.1
2013-08-27 22:34:18,281, INFO, matching past: 5/6/2013, now: 8/27/2013, future: 6/5/2013
2013-08-27 22:34:18,281, INFO, date not match for FTR, pass
2013-08-27 22:34:18,281, INFO, === begin analysis for ROYT, price: 17.85, dividend: 0.15462
2013-08-27 22:34:18,282, INFO, matching past: 7/26/2013, now: 8/27/2013, future: 8/1/2013
2013-08-27 22:34:18,282, INFO, date not match for ROYT, pass
2013-08-27 22:34:18,282, INFO, === begin analysis for CSA, price: 0.0, dividend: 0.0
2013-08-27 22:34:18,282, INFO, matching past: 0/0/0, now: 8/27/2013, future: 0/0/0
2013-08-27 22:34:18,282, INFO, date not match for CSA, pass
2013-08-27 22:34:18,286, INFO, === begin analysis for HLSS, price: 23.01, dividend: 0.15
2013-08-27 22:34:18,287, INFO, matching past: 7/18/2013, now: 8/27/2013, future: 8/28/2013
2013-08-27 22:34:18,288, INFO, download options of <HLSS> from http://www.optionpain.altervista.org/csv.php?symbol=HLSS&month=8&year=2013
2013-08-27 22:34:19,501, INFO, find valid option file HLSS_2013_8.opt
2013-08-27 22:34:19,504, INFO, options are expired at 9/21/2013
2013-08-27 22:34:19,505, INFO, dividend within date 2013/8 to 2013/8 is 0.15
2013-08-27 22:34:19,505, INFO, $2000.0 is not enough to buy 100 shares, pass
2013-08-27 22:34:19,506, INFO, === begin analysis for VGR, price: 16.31, dividend: 0.4
2013-08-27 22:34:19,510, INFO, matching past: 5/31/2013, now: 8/27/2013, future: 6/12/2013
2013-08-27 22:34:19,511, INFO, date not match for VGR, pass
2013-08-27 22:34:19,512, INFO, === begin analysis for SAN, price: 7.24, dividend: 0.195915
2013-08-27 22:34:19,516, INFO, matching past: 7/2/2013, now: 8/27/2013, future: 7/10/2013
2013-08-27 22:34:19,517, INFO, date not match for SAN, pass
2013-08-27 22:34:19,521, INFO, === begin analysis for VOD, price: 29.34, dividend: 1.062635
2013-08-27 22:34:19,523, INFO, matching past: 0/0/0, now: 8/27/2013, future: 6/12/2013
2013-08-27 22:34:19,523, INFO, date not match for VOD, pass
2013-08-27 22:34:19,524, INFO, === begin analysis for AINV, price: 7.89, dividend: 0.2
2013-08-27 22:34:19,526, INFO, matching past: 5/23/2013, now: 8/27/2013, future: 6/18/2013
2013-08-27 22:34:19,527, INFO, date not match for AINV, pass
2013-08-27 22:34:19,538, INFO, === begin analysis for LRE, price: 15.12, dividend: 0.485
2013-08-27 22:34:19,539, INFO, matching past: 7/19/2013, now: 8/27/2013, future: 7/26/2013
2013-08-27 22:34:19,540, INFO, date not match for LRE, pass
2013-08-27 22:34:19,540, INFO, === begin analysis for VOC, price: 15.27, dividend: 0.41
2013-08-27 22:34:19,541, INFO, matching past: 7/18/2013, now: 8/27/2013, future: 7/26/2013
2013-08-27 22:34:19,541, INFO, date not match for VOC, pass
2013-08-27 22:34:19,547, INFO, === begin analysis for ANH, price: 4.46, dividend: 0.15
2013-08-27 22:34:19,548, INFO, matching past: 6/28/2013, now: 8/27/2013, future: 7/3/2013
2013-08-27 22:34:19,548, INFO, date not match for ANH, pass
2013-08-27 22:34:19,549, INFO, === begin analysis for RNF, price: 26.48, dividend: 0.85
2013-08-27 22:34:19,549, INFO, matching past: 7/24/2013, now: 8/27/2013, future: 8/5/2013
2013-08-27 22:34:19,550, INFO, date not match for RNF, pass
2013-08-27 22:34:19,550, INFO, === begin analysis for MCHX, price: 6.94, dividend: 0.14
2013-08-27 22:34:19,550, INFO, matching past: 12/7/2012, now: 8/27/2013, future: 12/14/2012
2013-08-27 22:34:19,550, INFO, date not match for MCHX, pass
2013-08-27 22:34:19,551, INFO, === begin analysis for HTS, price: 18.77, dividend: 0.7
2013-08-27 22:34:19,551, INFO, matching past: 6/18/2013, now: 8/27/2013, future: 6/27/2013
2013-08-27 22:34:19,551, INFO, date not match for HTS, pass
2013-08-27 22:34:19,551, INFO, === begin analysis for IVR, price: 15.59, dividend: 0.65
2013-08-27 22:34:19,552, INFO, matching past: 6/17/2013, now: 8/27/2013, future: 6/25/2013
2013-08-27 22:34:19,552, INFO, date not match for IVR, pass
2013-08-27 22:34:19,556, INFO, === begin analysis for ALTV, price: 7.48, dividend: 0.27
2013-08-27 22:34:19,558, INFO, matching past: 6/11/2013, now: 8/27/2013, future: 6/19/2013
2013-08-27 22:34:19,558, INFO, date not match for ALTV, pass
2013-08-27 22:34:19,558, INFO, === begin analysis for STRA, price: 41.1, dividend: 1.0
2013-08-27 22:34:19,560, INFO, matching past: 11/7/2012, now: 8/27/2013, future: 11/21/2012
2013-08-27 22:34:19,560, INFO, date not match for STRA, pass
2013-08-27 22:34:19,565, INFO, === begin analysis for FSC, price: 10.41, dividend: 0.0958
2013-08-27 22:34:19,567, INFO, matching past: 5/6/2013, now: 8/27/2013, future: 8/13/2013
2013-08-27 22:34:19,567, INFO, date not match for FSC, pass
2013-08-27 22:34:19,567, INFO, === begin analysis for DOM, price: 5.38, dividend: 0.201383
2013-08-27 22:34:19,569, INFO, matching past: 8/19/2013, now: 8/27/2013, future: 8/27/2013
2013-08-27 22:34:19,569, INFO, date not match for DOM, pass
2013-08-27 22:34:19,570, INFO, === begin analysis for SCCO, price: 27.63, dividend: 0.12
2013-08-27 22:34:19,572, INFO, matching past: 7/18/2013, now: 8/27/2013, future: 8/5/2013
2013-08-27 22:34:19,572, INFO, date not match for SCCO, pass
2013-08-27 22:34:19,573, INFO, === begin analysis for PER, price: 14.85, dividend: 0.585
2013-08-27 22:34:19,574, INFO, matching past: 7/25/2013, now: 8/27/2013, future: 8/12/2013
2013-08-27 22:34:19,575, INFO, date not match for PER, pass
2013-08-27 22:34:19,575, INFO, === begin analysis for STON, price: 23.2, dividend: 0.6
2013-08-27 22:34:19,577, INFO, matching past: 7/23/2013, now: 8/27/2013, future: 8/1/2013
2013-08-27 22:34:19,577, INFO, date not match for STON, pass
2013-08-27 22:34:19,577, INFO, === begin analysis for TICC, price: 9.62, dividend: 0.29
2013-08-27 22:34:19,579, INFO, matching past: 4/30/2013, now: 8/27/2013, future: 6/12/2013
2013-08-27 22:34:19,579, INFO, date not match for TICC, pass
2013-08-27 22:34:19,580, INFO, === begin analysis for UMH, price: 9.69, dividend: 0.18
2013-08-27 22:34:19,581, INFO, matching past: 7/1/2013, now: 8/27/2013, future: 8/13/2013
2013-08-27 22:34:19,581, INFO, date not match for UMH, pass
2013-08-27 22:34:19,582, INFO, === begin analysis for PVR, price: 23.08, dividend: 0.55
2013-08-27 22:34:19,583, INFO, matching past: 7/24/2013, now: 8/27/2013, future: 8/5/2013
2013-08-27 22:34:19,583, INFO, date not match for PVR, pass
2013-08-27 22:34:19,584, INFO, === begin analysis for VLCCF, price: 8.28, dividend: 0.175
2013-08-27 22:34:19,593, INFO, matching past: 8/14/2013, now: 8/27/2013, future: 8/26/2013
2013-08-27 22:34:19,593, INFO, date not match for VLCCF, pass
2013-08-27 22:34:19,593, INFO, === begin analysis for HTGC, price: 14.52, dividend: 0.28
2013-08-27 22:34:19,599, INFO, matching past: 8/1/2013, now: 8/27/2013, future: 8/9/2013
2013-08-27 22:34:19,599, INFO, date not match for HTGC, pass
2013-08-27 22:34:19,600, INFO, === begin analysis for STWD, price: 24.91, dividend: 0.46
2013-08-27 22:34:19,601, INFO, matching past: 5/8/2013, now: 8/27/2013, future: 6/26/2013
2013-08-27 22:34:19,601, INFO, date not match for STWD, pass
2013-08-27 22:34:19,602, INFO, === begin analysis for QCCO, price: 2.6, dividend: 0.05
2013-08-27 22:34:19,603, INFO, matching past: 7/30/2013, now: 8/27/2013, future: 8/20/2013
2013-08-27 22:34:19,603, INFO, date not match for QCCO, pass
2013-08-27 22:34:19,604, INFO, === begin analysis for TNK, price: 2.68, dividend: 0.03
2013-08-27 22:34:19,604, INFO, matching past: 7/8/2013, now: 8/27/2013, future: 7/17/2013
2013-08-27 22:34:19,605, INFO, date not match for TNK, pass
2013-08-27 22:34:19,611, INFO, === begin analysis for NS, price: 43.33, dividend: 1.095
2013-08-27 22:34:19,613, INFO, matching past: 7/25/2013, now: 8/27/2013, future: 8/1/2013
2013-08-27 22:34:19,613, INFO, date not match for NS, pass
2013-08-27 22:34:19,613, INFO, === begin analysis for TEU, price: 4.18, dividend: 0.12
2013-08-27 22:34:19,614, INFO, matching past: 4/25/2013, now: 8/27/2013, future: 5/7/2013
2013-08-27 22:34:19,615, INFO, date not match for TEU, pass
2013-08-27 22:34:19,618, INFO, === begin analysis for WHZ, price: 12.91, dividend: 0.739362
2013-08-27 22:34:19,618, INFO, matching past: 8/7/2013, now: 8/27/2013, future: 8/15/2013
2013-08-27 22:34:19,618, INFO, date not match for WHZ, pass
2013-08-27 22:34:19,618, INFO, === begin analysis for SRC, price: 8.71, dividend: 0.0
2013-08-27 22:34:19,619, INFO, matching past: 0/0/0, now: 8/27/2013, future: 0/0/0
2013-08-27 22:34:19,619, INFO, date not match for SRC, pass
2013-08-27 22:34:19,619, INFO, === begin analysis for TAC, price: 13.15, dividend: 0.2753
2013-08-27 22:34:19,620, INFO, matching past: 7/23/2013, now: 8/27/2013, future: 8/28/2013
2013-08-27 22:34:19,621, INFO, download options of <TAC> from http://www.optionpain.altervista.org/csv.php?symbol=TAC&month=8&year=2013
2013-08-27 22:34:20,936, INFO, option file TAC_2013_8.opt is empty, move to next month
2013-08-27 22:34:20,938, INFO, download options of <TAC> from http://www.optionpain.altervista.org/csv.php?symbol=TAC&month=9&year=2013
2013-08-27 22:34:22,251, INFO, option file TAC_2013_9.opt is empty, move to next month
2013-08-27 22:34:22,253, INFO, download options of <TAC> from http://www.optionpain.altervista.org/csv.php?symbol=TAC&month=10&year=2013
2013-08-27 22:34:24,271, INFO, option file TAC_2013_10.opt is empty, move to next month
2013-08-27 22:34:24,273, INFO, no valid option file
2013-08-27 22:34:24,274, INFO, === begin analysis for MEMP, price: 20.67, dividend: 0.5125
2013-08-27 22:34:24,276, INFO, matching past: 7/19/2013, now: 8/27/2013, future: 7/30/2013
2013-08-27 22:34:24,277, INFO, date not match for MEMP, pass
2013-08-27 22:34:24,277, INFO, === begin analysis for PDH, price: 12.2, dividend: 0.3
2013-08-27 22:34:24,280, INFO, matching past: 7/24/2013, now: 8/27/2013, future: 8/1/2013
2013-08-27 22:34:24,280, INFO, date not match for PDH, pass
2013-08-27 22:34:24,281, INFO, === begin analysis for MTGE, price: 20.19, dividend: 0.8
2013-08-27 22:34:24,283, INFO, matching past: 6/18/2013, now: 8/27/2013, future: 6/26/2013
2013-08-27 22:34:24,283, INFO, date not match for MTGE, pass
2013-08-27 22:34:24,290, INFO, === begin analysis for TCAP, price: 29.08, dividend: 0.54
2013-08-27 22:34:24,293, INFO, matching past: 5/29/2013, now: 8/27/2013, future: 6/10/2013
2013-08-27 22:34:24,294, INFO, date not match for TCAP, pass
2013-08-27 22:34:24,295, INFO, === begin analysis for SBS, price: 8.38, dividend: 1.16279
2013-08-27 22:34:24,298, INFO, matching past: 3/22/2013, now: 8/27/2013, future: 4/1/2013
2013-08-27 22:34:24,299, INFO, date not match for SBS, pass
2013-08-27 22:34:24,307, INFO, === begin analysis for WIN, price: 8.1, dividend: 0.25
2013-08-27 22:34:24,309, INFO, matching past: 5/8/2013, now: 8/27/2013, future: 6/26/2013
2013-08-27 22:34:24,309, INFO, date not match for WIN, pass
2013-08-27 22:34:24,310, INFO, === begin analysis for OZM, price: 10.57, dividend: 0.14
2013-08-27 22:34:24,310, INFO, matching past: 8/1/2013, now: 8/27/2013, future: 8/8/2013
2013-08-27 22:34:24,310, INFO, date not match for OZM, pass
2013-08-27 22:34:24,310, INFO, === begin analysis for NTI, price: 21.19, dividend: 0.68
2013-08-27 22:34:24,311, INFO, matching past: 8/12/2013, now: 8/27/2013, future: 8/20/2013
2013-08-27 22:34:24,311, INFO, date not match for NTI, pass
2013-08-27 22:34:24,314, INFO, === begin analysis for CODI, price: 17.25, dividend: 0.36
2013-08-27 22:34:24,314, INFO, matching past: 7/10/2013, now: 8/27/2013, future: 7/19/2013
2013-08-27 22:34:24,314, INFO, date not match for CODI, pass
2013-08-27 22:34:24,315, INFO, === begin analysis for NMM, price: 14.15, dividend: 0.4425
2013-08-27 22:34:24,316, INFO, matching past: 7/22/2013, now: 8/27/2013, future: 8/6/2013
2013-08-27 22:34:24,316, INFO, date not match for NMM, pass
2013-08-27 22:34:24,322, INFO, === begin analysis for EVEP, price: 37.45, dividend: 0.769
2013-08-27 22:34:24,324, INFO, matching past: 7/29/2013, now: 8/27/2013, future: 8/6/2013
2013-08-27 22:34:24,324, INFO, date not match for EVEP, pass
2013-08-27 22:34:24,325, INFO, === begin analysis for CPLP, price: 8.92, dividend: 0.2325
2013-08-27 22:34:24,329, INFO, matching past: 7/22/2013, now: 8/27/2013, future: 8/5/2013
2013-08-27 22:34:24,329, INFO, date not match for CPLP, pass
2013-08-27 22:34:24,330, INFO, === begin analysis for PSEC, price: 11.2, dividend: 0.1102
2013-08-27 22:34:24,334, INFO, matching past: 5/6/2013, now: 8/27/2013, future: 8/28/2013
2013-08-27 22:34:24,335, INFO, download options of <PSEC> from http://www.optionpain.altervista.org/csv.php?symbol=PSEC&month=8&year=2013
2013-08-27 22:34:25,662, INFO, find valid option file PSEC_2013_8.opt
2013-08-27 22:34:25,665, INFO, options are expired at 9/21/2013
2013-08-27 22:34:25,666, INFO, dividend within date 2013/8 to 2013/8 is 0.1102
2013-08-27 22:34:25,666, INFO, can buy 100 shares with $2000.0
2013-08-27 22:34:25,667, INFO, loading options file PSEC_2013_8.opt
2013-08-27 22:34:25,671, INFO, begin generating yield table
2013-08-27 22:34:25,672, INFO, compute yield
2013-08-27 22:34:25,672, INFO, c_strike: 12.5 p_strike: 10.0 c_price: 0.0 p_price: 0.05 dividend 0.1102 month_diff 0.5 shares 100
2013-08-27 22:34:25,682, INFO, revenue: 1007.07, cost: 1133.95, profit: -126.88, term_yield: -0.111892058733, annualized_yield: -0.942033365981
2013-08-27 22:34:25,683, INFO, every cent less converts to 1 dollars
2013-08-27 22:34:25,683, INFO, loss greater than max loss -0.45
2013-08-27 22:34:25,685, INFO, === begin analysis for CAW, price: 3.46, dividend: 0.07
2013-08-27 22:34:25,689, INFO, matching past: 7/18/2013, now: 8/27/2013, future: 7/31/2013
2013-08-27 22:34:25,689, INFO, date not match for CAW, pass
2013-08-27 22:34:25,694, INFO, === begin analysis for BPT, price: 86.52, dividend: 2.1429095
2013-08-27 22:34:25,695, INFO, matching past: 7/3/2013, now: 8/27/2013, future: 7/11/2013
2013-08-27 22:34:25,696, INFO, date not match for BPT, pass
2013-08-27 22:34:25,696, INFO, === begin analysis for DX, price: 8.02, dividend: 0.29
2013-08-27 22:34:25,702, INFO, matching past: 6/5/2013, now: 8/27/2013, future: 6/26/2013
2013-08-27 22:34:25,702, INFO, date not match for DX, pass
2013-08-27 22:34:25,706, INFO, === begin analysis for ARCC, price: 17.655, dividend: 0.38
2013-08-27 22:34:25,707, INFO, matching past: 5/7/2013, now: 8/27/2013, future: 6/12/2013
2013-08-27 22:34:25,707, INFO, date not match for ARCC, pass
2013-08-27 22:34:25,708, INFO, === begin analysis for MSB, price: 21.39, dividend: 0.46
2013-08-27 22:34:25,709, INFO, matching past: 7/16/2013, now: 8/27/2013, future: 7/26/2013
2013-08-27 22:34:25,709, INFO, date not match for MSB, pass
2013-08-27 22:34:25,710, INFO, === begin analysis for CYS, price: 7.81, dividend: 0.34
2013-08-27 22:34:25,711, INFO, matching past: 6/10/2013, now: 8/27/2013, future: 6/21/2013
2013-08-27 22:34:25,711, INFO, date not match for CYS, pass
2013-08-27 22:34:25,711, INFO, === begin analysis for QRE, price: 16.78, dividend: 0.4875
2013-08-27 22:34:25,719, INFO, matching past: 7/24/2013, now: 8/27/2013, future: 8/5/2013
2013-08-27 22:34:25,719, INFO, date not match for QRE, pass
2013-08-27 22:34:25,720, INFO, === begin analysis for PGH, price: 5.48, dividend: 0.0387
2013-08-27 22:34:25,721, INFO, matching past: 8/12/2013, now: 8/27/2013, future: 8/20/2013
2013-08-27 22:34:25,721, INFO, date not match for PGH, pass
2013-08-27 22:34:25,722, INFO, === begin analysis for MCEP, price: 23.45, dividend: 0.515
2013-08-27 22:34:25,724, INFO, matching past: 7/25/2013, now: 8/27/2013, future: 8/5/2013
2013-08-27 22:34:25,724, INFO, date not match for MCEP, pass
2013-08-27 22:34:25,725, INFO, === begin analysis for NTLS, price: 16.53, dividend: 0.42
2013-08-27 22:34:25,726, INFO, matching past: 5/2/2013, now: 8/27/2013, future: 6/12/2013
2013-08-27 22:34:25,727, INFO, date not match for NTLS, pass
2013-08-27 22:34:25,727, INFO, === begin analysis for NSH, price: 24.11, dividend: 0.545
2013-08-27 22:34:25,729, INFO, matching past: 7/25/2013, now: 8/27/2013, future: 8/1/2013
2013-08-27 22:34:25,729, INFO, date not match for NSH, pass
2013-08-27 22:34:25,731, INFO, === begin analysis for GOOD, price: 17.84, dividend: 0.125
2013-08-27 22:34:25,733, INFO, matching past: 7/9/2013, now: 8/27/2013, future: 8/19/2013
2013-08-27 22:34:25,733, INFO, date not match for GOOD, pass
2013-08-27 22:34:25,734, INFO, === begin analysis for MTR, price: 23.2, dividend: 0.2293704
2013-08-27 22:34:25,735, INFO, matching past: 8/19/2013, now: 8/27/2013, future: 8/28/2013
2013-08-27 22:34:25,735, INFO, download options of <MTR> from http://www.optionpain.altervista.org/csv.php?symbol=MTR&month=8&year=2013
2013-08-27 22:34:27,039, INFO, option file MTR_2013_8.opt is empty, move to next month
2013-08-27 22:34:27,040, INFO, download options of <MTR> from http://www.optionpain.altervista.org/csv.php?symbol=MTR&month=9&year=2013
2013-08-27 22:34:28,761, INFO, option file MTR_2013_9.opt is empty, move to next month
2013-08-27 22:34:28,763, INFO, download options of <MTR> from http://www.optionpain.altervista.org/csv.php?symbol=MTR&month=10&year=2013
2013-08-27 22:34:30,207, INFO, option file MTR_2013_10.opt is empty, move to next month
2013-08-27 22:34:30,209, INFO, no valid option file
2013-08-27 22:34:30,210, INFO, === begin analysis for HGT, price: 8.48, dividend: 0.0824
2013-08-27 22:34:30,212, INFO, matching past: 8/20/2013, now: 8/27/2013, future: 8/28/2013
2013-08-27 22:34:30,212, INFO, download options of <HGT> from http://www.optionpain.altervista.org/csv.php?symbol=HGT&month=8&year=2013
2013-08-27 22:34:31,752, INFO, find valid option file HGT_2013_8.opt
2013-08-27 22:34:31,755, INFO, options are expired at 9/21/2013
2013-08-27 22:34:31,755, INFO, dividend within date 2013/8 to 2013/8 is 0.0824
2013-08-27 22:34:31,756, INFO, can buy 200 shares with $2000.0
2013-08-27 22:34:31,758, INFO, loading options file HGT_2013_8.opt
2013-08-27 22:34:31,761, INFO, begin generating yield table
2013-08-27 22:34:31,762, INFO, compute yield
2013-08-27 22:34:31,762, INFO, c_strike: 10.0 p_strike: 7.5 c_price: 0.0 p_price: 0.1 dividend 0.0824 month_diff 0.5 shares 200
2013-08-27 22:34:31,763, INFO, revenue: 1512.53, cost: 1724.95, profit: -212.42, term_yield: -0.123145598423, annualized_yield: -0.957316534513
2013-08-27 22:34:31,764, INFO, every cent less converts to 2 dollars
2013-08-27 22:34:31,770, INFO, loss greater than max loss -0.45
2013-08-27 22:34:31,773, INFO, === begin analysis for ABR, price: 6.87, dividend: 0.13
2013-08-27 22:34:31,775, INFO, matching past: 8/2/2013, now: 8/27/2013, future: 8/12/2013
2013-08-27 22:34:31,776, INFO, date not match for ABR, pass
2013-08-27 22:34:31,777, INFO, === begin analysis for CMLP, price: 25.93, dividend: 0.51
2013-08-27 22:34:31,779, INFO, matching past: 7/18/2013, now: 8/27/2013, future: 7/30/2013
2013-08-27 22:34:31,780, INFO, date not match for CMLP, pass
2013-08-27 22:34:31,790, INFO, === begin analysis for AMTG, price: 15.34, dividend: 0.7
2013-08-27 22:34:31,790, INFO, matching past: 6/17/2013, now: 8/27/2013, future: 6/26/2013
2013-08-27 22:34:31,791, INFO, date not match for AMTG, pass
2013-08-27 22:34:31,791, INFO, === begin analysis for GOV, price: 23.76, dividend: 0.43
2013-08-27 22:34:31,791, INFO, matching past: 7/10/2013, now: 8/27/2013, future: 7/24/2013
2013-08-27 22:34:31,791, INFO, date not match for GOV, pass
2013-08-27 22:34:31,791, INFO, === begin analysis for TNH, price: 210.24, dividend: 4.02
2013-08-27 22:34:31,792, INFO, matching past: 8/6/2013, now: 8/27/2013, future: 8/14/2013
2013-08-27 22:34:31,792, INFO, date not match for TNH, pass
2013-08-27 22:34:31,798, INFO, === begin analysis for GLAD, price: 8.22, dividend: 0.07
2013-08-27 22:34:31,799, INFO, matching past: 7/9/2013, now: 8/27/2013, future: 8/19/2013
2013-08-27 22:34:31,799, INFO, date not match for GLAD, pass
2013-08-27 22:34:31,800, INFO, === begin analysis for ARP, price: 21.01, dividend: 0.54
2013-08-27 22:34:31,800, INFO, matching past: 7/24/2013, now: 8/27/2013, future: 8/2/2013
2013-08-27 22:34:31,800, INFO, date not match for ARP, pass
2013-08-27 22:34:31,801, INFO, === begin analysis for RSO, price: 5.82, dividend: 0.2
2013-08-27 22:34:31,802, INFO, matching past: 6/14/2013, now: 8/27/2013, future: 6/26/2013
2013-08-27 22:34:31,802, INFO, date not match for RSO, pass
2013-08-27 22:34:31,803, INFO, === begin analysis for SDR, price: 14.15, dividend: 0.683
2013-08-27 22:34:31,804, INFO, matching past: 7/25/2013, now: 8/27/2013, future: 8/12/2013
2013-08-27 22:34:31,804, INFO, date not match for SDR, pass
2013-08-27 22:34:31,805, INFO, === begin analysis for NRF, price: 8.66, dividend: 0.2
2013-08-27 22:34:31,807, INFO, matching past: 7/31/2013, now: 8/27/2013, future: 8/8/2013
2013-08-27 22:34:31,807, INFO, date not match for NRF, pass
2013-08-27 22:34:31,807, INFO, === begin analysis for ARI, price: 15.12, dividend: 0.4
2013-08-27 22:34:31,813, INFO, matching past: 5/1/2013, now: 8/27/2013, future: 6/26/2013
2013-08-27 22:34:31,813, INFO, date not match for ARI, pass
2013-08-27 22:34:31,813, INFO, === begin analysis for LGP, price: 27.02, dividend: 0.4775
2013-08-27 22:34:31,815, INFO, matching past: 8/8/2013, now: 8/27/2013, future: 8/21/2013
2013-08-27 22:34:31,815, INFO, date not match for LGP, pass
2013-08-27 22:34:31,816, INFO, === begin analysis for NRP, price: 20.29, dividend: 0.55
2013-08-27 22:34:31,817, INFO, matching past: 7/23/2013, now: 8/27/2013, future: 8/1/2013
2013-08-27 22:34:31,817, INFO, date not match for NRP, pass
2013-08-27 22:34:31,818, INFO, === begin analysis for NRT, price: 24.55, dividend: 0.49
2013-08-27 22:34:31,819, INFO, matching past: 7/29/2013, now: 8/27/2013, future: 8/14/2013
2013-08-27 22:34:31,819, INFO, date not match for NRT, pass
